Performing C SOURCE FILE Test CMAKE_HAVE_LIBC_PTHREAD failed with the following output:
Change Dir: /mnt/d/Users/grigo/Google Drive/Facultad/Balseiro/PI Lucas/git-repository/digital-beamforming/gnuradio/gr-beamforming/build/CMakeFiles/CMakeTmp

Run Build Command(s):/usr/bin/make cmTC_231e6/fast && make: Warning: File 'Makefile' has modification time 0.7 s in the future
/usr/bin/make -f CMakeFiles/cmTC_231e6.dir/build.make CMakeFiles/cmTC_231e6.dir/build
make[1]: Entering directory '/mnt/d/Users/grigo/Google Drive/Facultad/Balseiro/PI Lucas/git-repository/digital-beamforming/gnuradio/gr-beamforming/build/CMakeFiles/CMakeTmp'
make[1]: Warning: File 'CMakeFiles/cmTC_231e6.dir/flags.make' has modification time 0.67 s in the future
Building C object CMakeFiles/cmTC_231e6.dir/src.c.o
/usr/bin/cc   -DCMAKE_HAVE_LIBC_PTHREAD   -std=gnu11 -o CMakeFiles/cmTC_231e6.dir/src.c.o   -c "/mnt/d/Users/grigo/Google Drive/Facultad/Balseiro/PI Lucas/git-repository/digital-beamforming/gnuradio/gr-beamforming/build/CMakeFiles/CMakeTmp/src.c"
Linking C executable cmTC_231e6
/usr/bin/cmake -E cmake_link_script CMakeFiles/cmTC_231e6.dir/link.txt --verbose=1
/usr/bin/cc  -DCMAKE_HAVE_LIBC_PTHREAD    CMakeFiles/cmTC_231e6.dir/src.c.o  -o cmTC_231e6 
/usr/bin/ld: CMakeFiles/cmTC_231e6.dir/src.c.o: in function `main':
src.c:(.text+0x46): undefined reference to `pthread_create'
/usr/bin/ld: src.c:(.text+0x52): undefined reference to `pthread_detach'
/usr/bin/ld: src.c:(.text+0x63): undefined reference to `pthread_join'
collect2: error: ld returned 1 exit status
make[1]: *** [CMakeFiles/cmTC_231e6.dir/build.make:87: cmTC_231e6] Error 1
make[1]: Leaving directory '/mnt/d/Users/grigo/Google Drive/Facultad/Balseiro/PI Lucas/git-repository/digital-beamforming/gnuradio/gr-beamforming/build/CMakeFiles/CMakeTmp'
make: *** [Makefile:121: cmTC_231e6/fast] Error 2


Source file was:
#include <pthread.h>

void* test_func(void* data)
{
  return data;
}

int main(void)
{
  pthread_t thread;
  pthread_create(&thread, NULL, test_func, NULL);
  pthread_detach(thread);
  pthread_join(thread, NULL);
  pthread_atfork(NULL, NULL, NULL);
  pthread_exit(NULL);

  return 0;
}

Determining if the function pthread_create exists in the pthreads failed with the following output:
Change Dir: /mnt/d/Users/grigo/Google Drive/Facultad/Balseiro/PI Lucas/git-repository/digital-beamforming/gnuradio/gr-beamforming/build/CMakeFiles/CMakeTmp

Run Build Command(s):/usr/bin/make cmTC_ffb3f/fast && make: Warning: File 'Makefile' has modification time 0.7 s in the future
/usr/bin/make -f CMakeFiles/cmTC_ffb3f.dir/build.make CMakeFiles/cmTC_ffb3f.dir/build
make[1]: Entering directory '/mnt/d/Users/grigo/Google Drive/Facultad/Balseiro/PI Lucas/git-repository/digital-beamforming/gnuradio/gr-beamforming/build/CMakeFiles/CMakeTmp'
make[1]: Warning: File 'CMakeFiles/cmTC_ffb3f.dir/flags.make' has modification time 0.66 s in the future
Building C object CMakeFiles/cmTC_ffb3f.dir/CheckFunctionExists.c.o
/usr/bin/cc   -DCHECK_FUNCTION_EXISTS=pthread_create   -std=gnu11 -o CMakeFiles/cmTC_ffb3f.dir/CheckFunctionExists.c.o   -c /usr/share/cmake-3.16/Modules/CheckFunctionExists.c
Linking C executable cmTC_ffb3f
/usr/bin/cmake -E cmake_link_script CMakeFiles/cmTC_ffb3f.dir/link.txt --verbose=1
/usr/bin/cc  -DCHECK_FUNCTION_EXISTS=pthread_create    CMakeFiles/cmTC_ffb3f.dir/CheckFunctionExists.c.o  -o cmTC_ffb3f  -lpthreads 
/usr/bin/ld: cannot find -lpthreads
collect2: error: ld returned 1 exit status
make[1]: *** [CMakeFiles/cmTC_ffb3f.dir/build.make:87: cmTC_ffb3f] Error 1
make[1]: Leaving directory '/mnt/d/Users/grigo/Google Drive/Facultad/Balseiro/PI Lucas/git-repository/digital-beamforming/gnuradio/gr-beamforming/build/CMakeFiles/CMakeTmp'
make: *** [Makefile:121: cmTC_ffb3f/fast] Error 2



