INFO: latexindent.pl version 3.8.3, 2020-11-06, a script to indent .tex files
      latexindent.pl lives here: C:/Program Files/MiKTeX 2.9/scripts/latexindent/
      Thu Dec 24 12:28:05 2020
      Filename: d:/Users/grigo/Google Drive/Facultad/Balseiro/PI Lucas/git-repository/digital-beamforming/Tesis/Capitulos/__latexindent_temp.tex
INFO: Processing switches:
      -y|--yaml: YAML settings specified via command line
      -c|--cruft: cruft directory
INFO: Directory for backup files and d:/Users/grigo/Google Drive/Facultad/Balseiro/PI Lucas/git-repository/digital-beamforming/Tesis//indent.log: d:/Users/grigo/Google Drive/Facultad/Balseiro/PI Lucas/git-repository/digital-beamforming/Tesis/
INFO: Perl modules are being loaded from the following directories:
      C:/Strawberry/perl/lib/FindBin.pm
      C:/Strawberry/perl/vendor/lib/YAML/Tiny.pm
      C:/Strawberry/perl/lib/File/Copy.pm
      C:/Strawberry/perl/lib/File/Basename.pm
      C:/Strawberry/perl/lib/Getopt/Long.pm
      C:/Strawberry/perl/vendor/lib/File/HomeDir.pm
      C:/Strawberry/perl/vendor/lib/Unicode/GCString.pm
      C:/Strawberry/perl/site/lib/Log/Log4perl.pm
INFO: Latex Indent perl modules are being loaded from, for example:
      C:/Program Files/MiKTeX 2.9/scripts/latexindent/LatexIndent/Document.pm
INFO: YAML settings read: defaultSettings.yaml
      Reading defaultSettings.yaml from C:/Program Files/MiKTeX 2.9/scripts/latexindent/defaultSettings.yaml
INFO: YAML settings read: indentconfig.yaml or .indentconfig.yaml
      Home directory is C:\Users\grigo (didn't find either indentconfig.yaml or .indentconfig.yaml)
      To specify user settings you would put indentconfig.yaml here: C:\Users\grigo/indentconfig.yaml
      Alternatively, you can use the hidden file .indentconfig.yaml as: C:\Users\grigo/.indentconfig.yaml
INFO: YAML settings read: -y switch
      Updating masterSettings with defaultIndent:     
INFO: Phase 1: searching for objects
INFO: Phase 2: finding surrounding indentation
INFO: Phase 3: indenting objects
INFO: Phase 4: final indentation check
INFO: Output routine:
      Not outputting to file; see -w and -o switches for more options.
      --------------
INFO: Please direct all communication/issues to:
      https://github.com/cmhughes/latexindent.pl
