This is pdfTeX, Version 3.14159265-2.6-1.40.21 (MiKTeX 20.12) (preloaded format=pdflatex 2020.12.16)  24 DEC 2020 12:28
entering extended mode
**"d:/Users/grigo/Google Drive/Facultad/Balseiro/PI Lucas/git-repository/digital-beamforming/Tesis/PI_Grigolato.tex"
("d:/Users/grigo/Google Drive/Facultad/Balseiro/PI Lucas/git-repository/digital-beamforming/Tesis/PI_Grigolato.tex"
LaTeX2e <2020-10-01> patch level 2
L3 programming layer <2020-12-07> xparse <2020-03-03> ("d:/Users\grigo\Google Drive\Facultad\Balseiro\PI Lucas\git-repository\digital-beamforming\Tesis\ibtesis.cls"
Document Class: ibtesis 2010/10/25 v0.8 (a4 paper) IB - UnCuyo
("C:\Program Files\MiKTeX 2.9\tex/latex/base\book.cls"
Document Class: book 2020/04/10 v1.4m Standard LaTeX document class
("C:\Program Files\MiKTeX 2.9\tex/latex/base\bk10.clo"
File: bk10.clo 2020/04/10 v1.4m Standard LaTeX file (size option)
)
\c@part=\count177
\c@chapter=\count178
\c@section=\count179
\c@subsection=\count180
\c@subsubsection=\count181
\c@paragraph=\count182
\c@subparagraph=\count183
\c@figure=\count184
\c@table=\count185
\abovecaptionskip=\skip47
\belowcaptionskip=\skip48
\bibindent=\dimen138
) ("C:\Program Files\MiKTeX 2.9\tex/generic/iftex\ifpdf.sty"
Package: ifpdf 2019/10/25 v3.4 ifpdf legacy package. Use iftex instead.
 ("C:\Program Files\MiKTeX 2.9\tex/generic/iftex\iftex.sty"
Package: iftex 2020/03/06 v1.0d TeX engine tests
)) ("C:\Program Files\MiKTeX 2.9\tex/generic/babel\babel.sty"
Package: babel 2020/10/27 3.51 The Babel package
 ("C:\Program Files\MiKTeX 2.9\tex/generic/babel\babel.def"
File: babel.def 2020/10/27 3.51 Babel common definitions
\babel@savecnt=\count186
\U@D=\dimen139
\l@babelnohyphens=\language83
 ("C:\Program Files\MiKTeX 2.9\tex/generic/babel\txtbabel.def")
\bbl@readstream=\read2
)
\bbl@dirlevel=\count187

*************************************
* Local config file bblopts.cfg used
*
("C:\Program Files\MiKTeX 2.9\tex/latex/arabi\bblopts.cfg"
File: bblopts.cfg 2005/09/08 v0.1 add Arabic and Farsi to "declared" options of babel
) ("C:\Program Files\MiKTeX 2.9\tex/latex/babel-english\english.ldf"
Language: english 2017/06/06 v3.3r English support from the babel system
Package babel Info: \l@canadian = using hyphenrules for english
(babel)             (\language0) on input line 102.
Package babel Info: \l@australian = using hyphenrules for ukenglish
(babel)             (\language77) on input line 105.
Package babel Info: \l@newzealand = using hyphenrules for ukenglish
(babel)             (\language77) on input line 108.
) ("C:\Program Files\MiKTeX 2.9\tex/latex/babel-spanish\spanish.ldf"
Language: spanish.ldf 2016/03/03 v5.0p Spanish support from the babel system
\es@quottoks=\toks15
\es@quotdepth=\count188
Package babel Info: Making " an active character on input line 561.
Package babel Info: Making . an active character on input line 662.
Package babel Info: Making < an active character on input line 707.
Package babel Info: Making > an active character on input line 707.
)) ("C:\Program Files\MiKTeX 2.9\tex/latex/base\makeidx.sty"
Package: makeidx 2014/09/29 v1.0m Standard LaTeX package
) ("C:\Program Files\MiKTeX 2.9\tex/latex/caption\caption.sty"
Package: caption 2020/10/26 v3.5g Customizing captions (AR)
 ("C:\Program Files\MiKTeX 2.9\tex/latex/caption\caption3.sty"
Package: caption3 2020/10/21 v2.2e caption3 kernel (AR)
 ("C:\Program Files\MiKTeX 2.9\tex/latex/graphics\keyval.sty"
Package: keyval 2014/10/28 v1.15 key=value parser (DPC)
\KV@toks@=\toks16
)
\captionmargin=\dimen140
\captionmargin@=\dimen141
\captionwidth=\dimen142
\caption@tempdima=\dimen143
\caption@indent=\dimen144
\caption@parindent=\dimen145
\caption@hangindent=\dimen146
Package caption Info: Standard document class detected.
)
\c@caption@flags=\count189
\c@continuedfloat=\count190
) ("C:\Program Files\MiKTeX 2.9\tex/latex/yafoot\fnpos.sty"
Package: fnpos 2018/09/03 v1.1 
) ("C:\Program Files\MiKTeX 2.9\tex/latex/amsmath\amsmath.sty"
Package: amsmath 2020/09/23 v2.17i AMS math features
\@mathmargin=\skip49

For additional information on amsmath, use the `?' option.
("C:\Program Files\MiKTeX 2.9\tex/latex/amsmath\amstext.sty"
Package: amstext 2000/06/29 v2.01 AMS text
 ("C:\Program Files\MiKTeX 2.9\tex/latex/amsmath\amsgen.sty"
File: amsgen.sty 1999/11/30 v2.0 generic functions
\@emptytoks=\toks17
\ex@=\dimen147
)) ("C:\Program Files\MiKTeX 2.9\tex/latex/amsmath\amsbsy.sty"
Package: amsbsy 1999/11/29 v1.2d Bold Symbols
\pmbraise@=\dimen148
) ("C:\Program Files\MiKTeX 2.9\tex/latex/amsmath\amsopn.sty"
Package: amsopn 2016/03/08 v2.02 operator names
)
\inf@bad=\count191
LaTeX Info: Redefining \frac on input line 234.
\uproot@=\count192
\leftroot@=\count193
LaTeX Info: Redefining \overline on input line 399.
\classnum@=\count194
\DOTSCASE@=\count195
LaTeX Info: Redefining \ldots on input line 496.
LaTeX Info: Redefining \dots on input line 499.
LaTeX Info: Redefining \cdots on input line 620.
\Mathstrutbox@=\box47
\strutbox@=\box48
\big@size=\dimen149
LaTeX Font Info:    Redeclaring font encoding OML on input line 743.
LaTeX Font Info:    Redeclaring font encoding OMS on input line 744.
\macc@depth=\count196
\c@MaxMatrixCols=\count197
\dotsspace@=\muskip16
\c@parentequation=\count198
\dspbrk@lvl=\count199
\tag@help=\toks18
\row@=\count266
\column@=\count267
\maxfields@=\count268
\andhelp@=\toks19
\eqnshift@=\dimen150
\alignsep@=\dimen151
\tagshift@=\dimen152
\tagwidth@=\dimen153
\totwidth@=\dimen154
\lineht@=\dimen155
\@envbody=\toks20
\multlinegap=\skip50
\multlinetaggap=\skip51
\mathdisplay@stack=\toks21
LaTeX Info: Redefining \[ on input line 2923.
LaTeX Info: Redefining \] on input line 2924.
) ("C:\Program Files\MiKTeX 2.9\tex/latex/tools\bm.sty"
Package: bm 2019/07/24 v1.2d Bold Symbol Support (DPC/FMi)
\symboldoperators=\mathgroup4
\symboldletters=\mathgroup5
\symboldsymbols=\mathgroup6
LaTeX Font Info:    Redeclaring math alphabet \mathbf on input line 141.
LaTeX Info: Redefining \bm on input line 209.
) ("C:\Program Files\MiKTeX 2.9\tex/latex/graphics\graphicx.sty"
Package: graphicx 2020/09/09 v1.2b Enhanced LaTeX Graphics (DPC,SPQR)
 ("C:\Program Files\MiKTeX 2.9\tex/latex/graphics\graphics.sty"
Package: graphics 2020/08/30 v1.4c Standard LaTeX Graphics (DPC,SPQR)
 ("C:\Program Files\MiKTeX 2.9\tex/latex/graphics\trig.sty"
Package: trig 2016/01/03 v1.10 sin cos tan (DPC)
) ("C:\Program Files\MiKTeX 2.9\tex/latex/graphics-cfg\graphics.cfg"
File: graphics.cfg 2016/06/04 v1.11 sample graphics configuration
)
Package graphics Info: Driver file: pdftex.def on input line 105.
 ("C:\Program Files\MiKTeX 2.9\tex/latex/graphics-def\pdftex.def"
File: pdftex.def 2020/10/05 v1.2a Graphics/color driver for pdftex
))
\Gin@req@height=\dimen156
\Gin@req@width=\dimen157
) ("C:\Program Files\MiKTeX 2.9\tex/latex/graphics\color.sty"
Package: color 2020/02/24 v1.2b Standard LaTeX Color (DPC)
 ("C:\Program Files\MiKTeX 2.9\tex/latex/graphics-cfg\color.cfg"
File: color.cfg 2016/01/02 v1.6 sample color configuration
)
Package color Info: Driver file: pdftex.def on input line 147.
) ("C:\Program Files\MiKTeX 2.9\tex/latex/fancyhdr\fancyhdr.sty"
Package: fancyhdr 2019/01/31 v3.10 Extensive control of page headers and footers
\f@nch@headwidth=\skip52
\f@nch@O@elh=\skip53
\f@nch@O@erh=\skip54
\f@nch@O@olh=\skip55
\f@nch@O@orh=\skip56
\f@nch@O@elf=\skip57
\f@nch@O@erf=\skip58
\f@nch@O@olf=\skip59
\f@nch@O@orf=\skip60
) ("C:\Program Files\MiKTeX 2.9\tex/latex/changepage\changepage.sty"
Package: changepage 2009/10/20 v1.0c check page and change page layout
\c@cp@cntr=\count269
\cp@tempcnt=\count270
) ("C:\Program Files\MiKTeX 2.9\tex/latex/tools\calc.sty"
Package: calc 2017/05/25 v4.3 Infix arithmetic (KKT,FJ)
\calc@Acount=\count271
\calc@Bcount=\count272
\calc@Adimen=\dimen158
\calc@Bdimen=\dimen159
\calc@Askip=\skip61
\calc@Bskip=\skip62
LaTeX Info: Redefining \setlength on input line 80.
LaTeX Info: Redefining \addtolength on input line 81.
\calc@Ccount=\count273
\calc@Cskip=\skip63
) ("C:\Program Files\MiKTeX 2.9\tex/latex/geometry\geometry.sty"
Package: geometry 2020/01/02 v5.9 Page Geometry
 ("C:\Program Files\MiKTeX 2.9\tex/generic/iftex\ifvtex.sty"
Package: ifvtex 2019/10/25 v1.7 ifvtex legacy package. Use iftex instead.
)
\Gm@cnth=\count274
\Gm@cntv=\count275
\c@Gm@tempcnt=\count276
\Gm@bindingoffset=\dimen160
\Gm@wd@mp=\dimen161
\Gm@odd@mp=\dimen162
\Gm@even@mp=\dimen163
\Gm@layoutwidth=\dimen164
\Gm@layoutheight=\dimen165
\Gm@layouthoffset=\dimen166
\Gm@layoutvoffset=\dimen167
\Gm@dimlist=\toks22
 ("C:\Program Files\MiKTeX 2.9\tex/latex/geometry\geometry.cfg")) ("C:\Program Files\MiKTeX 2.9\tex/latex/setspace\setspace.sty"
Package: setspace 2011/12/19 v6.7a set line spacing
) ("C:\Program Files\MiKTeX 2.9\tex/latex/hyperref\hyperref.sty"
Package: hyperref 2020-05-15 v7.00e Hypertext links for LaTeX
 ("C:\Program Files\MiKTeX 2.9\tex/generic/ltxcmds\ltxcmds.sty"
Package: ltxcmds 2020-05-10 v1.25 LaTeX kernel commands for general use (HO)
) ("C:\Program Files\MiKTeX 2.9\tex/generic/oberdiek\pdftexcmds.sty"
Package: pdftexcmds 2019/07/25 v0.30 Utility functions of pdfTeX for LuaTeX (HO)
 ("C:\Program Files\MiKTeX 2.9\tex/generic/oberdiek\infwarerr.sty"
Package: infwarerr 2016/05/16 v1.4 Providing info/warning/error messages (HO)
) ("C:\Program Files\MiKTeX 2.9\tex/generic/iftex\ifluatex.sty"
Package: ifluatex 2019/10/25 v1.5 ifluatex legacy package. Use iftex instead.
)
Package pdftexcmds Info: LuaTeX not detected.
Package pdftexcmds Info: \pdf@primitive is available.
Package pdftexcmds Info: \pdf@ifprimitive is available.
Package pdftexcmds Info: \pdfdraftmode found.
) ("C:\Program Files\MiKTeX 2.9\tex/generic/kvsetkeys\kvsetkeys.sty"
Package: kvsetkeys 2019/12/15 v1.18 Key value parser (HO)
) ("C:\Program Files\MiKTeX 2.9\tex/generic/kvdefinekeys\kvdefinekeys.sty"
Package: kvdefinekeys 2019-12-19 v1.6 Define keys (HO)
) ("C:\Program Files\MiKTeX 2.9\tex/generic/pdfescape\pdfescape.sty"
Package: pdfescape 2019/12/09 v1.15 Implements pdfTeX's escape features (HO)
) ("C:\Program Files\MiKTeX 2.9\tex/latex/hycolor\hycolor.sty"
Package: hycolor 2020-01-27 v1.10 Color options for hyperref/bookmark (HO)
) ("C:\Program Files\MiKTeX 2.9\tex/latex/oberdiek\letltxmacro.sty"
Package: letltxmacro 2016/05/16 v1.5 Let assignment for LaTeX macros (HO)
) ("C:\Program Files\MiKTeX 2.9\tex/latex/auxhook\auxhook.sty"
Package: auxhook 2019-12-17 v1.6 Hooks for auxiliary files (HO)
) ("C:\Program Files\MiKTeX 2.9\tex/latex/oberdiek\kvoptions.sty"
Package: kvoptions 2016/05/16 v3.12 Key value format for package options (HO)
)
\@linkdim=\dimen168
\Hy@linkcounter=\count277
\Hy@pagecounter=\count278
 ("C:\Program Files\MiKTeX 2.9\tex/latex/hyperref\pd1enc.def"
File: pd1enc.def 2020-05-15 v7.00e Hyperref: PDFDocEncoding definition (HO)
Now handling font encoding PD1 ...
... no UTF-8 mapping file for font encoding PD1
) ("C:\Program Files\MiKTeX 2.9\tex/generic/intcalc\intcalc.sty"
Package: intcalc 2019/12/15 v1.3 Expandable calculations with integers (HO)
) ("C:\Program Files\MiKTeX 2.9\tex/generic/etexcmds\etexcmds.sty"
Package: etexcmds 2019/12/15 v1.7 Avoid name clashes with e-TeX commands (HO)
)
\Hy@SavedSpaceFactor=\count279
Package hyperref Info: Hyper figures OFF on input line 4464.
Package hyperref Info: Link nesting OFF on input line 4469.
Package hyperref Info: Hyper index ON on input line 4472.
Package hyperref Info: Plain pages OFF on input line 4479.
Package hyperref Info: Backreferencing ON on input line 4482.
Package hyperref Info: Implicit mode ON; LaTeX internals redefined.
Package hyperref Info: Bookmarks ON on input line 4717.
 ("C:\Program Files\MiKTeX 2.9\tex/latex/hyperref\backref.sty"
Package: backref 2020/01/14 v1.40 Bibliographical back referencing
 ("C:\Program Files\MiKTeX 2.9\tex/latex/oberdiek\rerunfilecheck.sty"
Package: rerunfilecheck 2016/05/16 v1.8 Rerun checks for auxiliary files (HO)
 ("C:\Program Files\MiKTeX 2.9\tex/latex/base\atveryend-ltx.sty"
Package: atveryend-ltx 2020/08/19 v1.0a Emulation of the original atvery package
with kernel methods
) ("C:\Program Files\MiKTeX 2.9\tex/generic/uniquecounter\uniquecounter.sty"
Package: uniquecounter 2019/12/15 v1.4 Provide unlimited unique counter (HO)
 ("C:\Program Files\MiKTeX 2.9\tex/generic/bigintcalc\bigintcalc.sty"
Package: bigintcalc 2019/12/15 v1.5 Expandable calculations on big integers (HO)
))
Package uniquecounter Info: New unique counter `rerunfilecheck' on input line 282.
))
\c@Hy@tempcnt=\count280
 ("C:\Program Files\MiKTeX 2.9\tex/latex/url\url.sty"
\Urlmuskip=\muskip17
Package: url 2013/09/16  ver 3.4  Verb mode for urls, etc.
)
LaTeX Info: Redefining \url on input line 5076.
\XeTeXLinkMargin=\dimen169
 ("C:\Program Files\MiKTeX 2.9\tex/generic/bitset\bitset.sty"
Package: bitset 2019/12/09 v1.3 Handle bit-vector datatype (HO)
)
\Fld@menulength=\count281
\Field@Width=\dimen170
\Fld@charsize=\dimen171
Package hyperref Info: Hyper figures OFF on input line 6347.
Package hyperref Info: Link nesting OFF on input line 6352.
Package hyperref Info: Hyper index ON on input line 6355.
Package hyperref Info: backreferencing ON on input line 6360.
Package hyperref Info: Link coloring OFF on input line 6367.
Package hyperref Info: Link coloring with OCG OFF on input line 6372.
Package hyperref Info: PDF/A mode OFF on input line 6377.
LaTeX Info: Redefining \ref on input line 6417.
LaTeX Info: Redefining \pageref on input line 6421.
 ("C:\Program Files\MiKTeX 2.9\tex/latex/base\atbegshi-ltx.sty"
Package: atbegshi-ltx 2020/08/17 v1.0a Emulation of the original atbegshi package
with kernel methods
)
\Hy@abspage=\count282
\c@Item=\count283
\c@Hfootnote=\count284
)
Package hyperref Info: Driver (autodetected): hpdftex.
 ("C:\Program Files\MiKTeX 2.9\tex/latex/hyperref\hpdftex.def"
File: hpdftex.def 2020-05-15 v7.00e Hyperref driver for pdfTeX
\Fld@listcount=\count285
\c@bookmark@seq@number=\count286
\Hy@SectionHShift=\skip64
)
Package hyperref Info: Option `colorlinks' set `true' on input line 81.
LaTeX Info: Redefining \es@scroman on input line 95.
\imsizeL=\skip65
\imsize=\skip66
\imsizeS=\skip67
) ("d:/Users\grigo\Google Drive\Facultad\Balseiro\PI Lucas\git-repository\digital-beamforming\Tesis\ibextra.sty" ("C:\Program Files\MiKTeX 2.9\tex/latex/natbib\natbib.sty"
Package: natbib 2010/09/13 8.31b (PWD, AO)
\bibhang=\skip68
\bibsep=\skip69
LaTeX Info: Redefining \cite on input line 694.
\c@NAT@ctr=\count287
)) ("C:\Program Files\MiKTeX 2.9\tex/latex/xurl\xurl.sty"
Package: xurl 2020/01/24 v 0.09 modify URL breaks
) ("C:\Program Files\MiKTeX 2.9\tex/latex/caption\subcaption.sty"
Package: subcaption 2020/10/07 v1.3j Sub-captions (AR)
\c@subfigure=\count288
\c@subtable=\count289
) ("C:\Program Files\MiKTeX 2.9\tex/latex/amsfonts\amssymb.sty"
Package: amssymb 2013/01/14 v3.01 AMS font symbols
 ("C:\Program Files\MiKTeX 2.9\tex/latex/amsfonts\amsfonts.sty"
Package: amsfonts 2013/01/14 v3.01 Basic AMSFonts support
\symAMSa=\mathgroup7
\symAMSb=\mathgroup8
LaTeX Font Info:    Redeclaring math symbol \hbar on input line 98.
LaTeX Font Info:    Overwriting math alphabet `\mathfrak' in version `bold'
(Font)                  U/euf/m/n --> U/euf/b/n on input line 106.
)) ("C:\Program Files\MiKTeX 2.9\tex/latex/cancel\cancel.sty"
Package: cancel 2013/04/12 v2.2 Cancel math terms
) ("C:\Program Files\MiKTeX 2.9\tex/latex/xcolor\xcolor.sty"
Package: xcolor 2016/05/11 v2.12 LaTeX color extensions (UK)
 ("C:\Program Files\MiKTeX 2.9\tex/latex/graphics-cfg\color.cfg"
File: color.cfg 2016/01/02 v1.6 sample color configuration
)
Package xcolor Info: Driver file: pdftex.def on input line 225.
LaTeX Info: Redefining \color on input line 709.
Package xcolor Info: Model `cmy' substituted by `cmy0' on input line 1348.
Package xcolor Info: Model `hsb' substituted by `rgb' on input line 1352.
Package xcolor Info: Model `RGB' extended on input line 1364.
Package xcolor Info: Model `HTML' substituted by `rgb' on input line 1366.
Package xcolor Info: Model `Hsb' substituted by `hsb' on input line 1367.
Package xcolor Info: Model `tHsb' substituted by `hsb' on input line 1368.
Package xcolor Info: Model `HSB' substituted by `hsb' on input line 1369.
Package xcolor Info: Model `Gray' substituted by `gray' on input line 1370.
Package xcolor Info: Model `wave' substituted by `hsb' on input line 1371.
 ("C:\Program Files\MiKTeX 2.9\tex/latex/graphics\dvipsnam.def"
File: dvipsnam.def 2016/06/17 v3.0m Driver-dependent file (DPC,SPQR)
)) ("C:\Program Files\MiKTeX 2.9\tex/latex/listings\listings.sty"
\lst@mode=\count290
\lst@gtempboxa=\box49
\lst@token=\toks23
\lst@length=\count291
\lst@currlwidth=\dimen172
\lst@column=\count292
\lst@pos=\count293
\lst@lostspace=\dimen173
\lst@width=\dimen174
\lst@newlines=\count294
\lst@lineno=\count295
\lst@maxwidth=\dimen175
 ("C:\Program Files\MiKTeX 2.9\tex/latex/listings\lstmisc.sty"
File: lstmisc.sty 2020/03/24 1.8d (Carsten Heinz)
\c@lstnumber=\count296
\lst@skipnumbers=\count297
\lst@framebox=\box50
) ("C:\Program Files\MiKTeX 2.9\tex/latex/listings\listings.cfg"
File: listings.cfg 2020/03/24 1.8d listings configuration
))
Package: listings 2020/03/24 1.8d (Carsten Heinz)
 ("C:\Program Files\MiKTeX 2.9\tex/latex/wrapfig\wrapfig.sty"
\wrapoverhang=\dimen176
\WF@size=\dimen177
\c@WF@wrappedlines=\count298
\WF@box=\box51
\WF@everypar=\toks24
Package: wrapfig 2003/01/31  v 3.6
) ("C:\Program Files\MiKTeX 2.9\tex/latex/graphics\lscape.sty"
Package: lscape 2020/05/28 v3.02 Landscape Pages (DPC)
) ("C:\Program Files\MiKTeX 2.9\tex/latex/graphics\rotating.sty"
Package: rotating 2016/08/11 v2.16d rotated objects in LaTeX
 ("C:\Program Files\MiKTeX 2.9\tex/latex/base\ifthen.sty"
Package: ifthen 2014/09/29 v1.1c Standard LaTeX ifthen package (DPC)
)
\c@r@tfl@t=\count299
\rotFPtop=\skip70
\rotFPbot=\skip71
\rot@float@box=\box52
\rot@mess@toks=\toks25
) ("C:\Program Files\MiKTeX 2.9\tex/latex/oberdiek\epstopdf.sty"
Package: epstopdf 2016/05/15 v2.6 Conversion with epstopdf on the fly (HO)
 ("C:\Program Files\MiKTeX 2.9\tex/latex/oberdiek\epstopdf-base.sty"
Package: epstopdf-base 2016/05/15 v2.6 Base part for package epstopdf
 ("C:\Program Files\MiKTeX 2.9\tex/latex/oberdiek\grfext.sty"
Package: grfext 2016/05/16 v1.2 Manage graphics extensions (HO)
)
Package epstopdf-base Info: Redefining graphics rule for `.eps' on input line 438.
Package grfext Info: Graphics extension search list:
(grfext)             [.pdf,.png,.jpg,.mps,.jpeg,.jbig2,.jb2,.PDF,.PNG,.JPG,.JPEG,.JBIG2,.JB2,.eps]
(grfext)             \AppendGraphicsExtensions on input line 456.
)) ("C:\Program Files\MiKTeX 2.9\tex/latex/l3backend\l3backend-pdftex.def"
File: l3backend-pdftex.def 2020-09-24 L3 backend support: PDF output (pdfTeX)
\l__kernel_color_stack_int=\count300
\l__pdf_internal_box=\box53
) ("d:/Users\grigo\Google Drive\Facultad\Balseiro\PI Lucas\git-repository\digital-beamforming\Tesis\PI_Grigolato.aux"
LaTeX Info: Redefining \. on input line 26.
LaTeX Info: Redefining \% on input line 26.
 ("d:/Users\grigo\Google Drive\Facultad\Balseiro\PI Lucas\git-repository\digital-beamforming\Tesis\Capitulos/Abstract.aux"
LaTeX Info: Redefining \. on input line 6.
LaTeX Info: Redefining \% on input line 6.
) ("d:/Users\grigo\Google Drive\Facultad\Balseiro\PI Lucas\git-repository\digital-beamforming\Tesis\Capitulos/Introduccion.aux"
LaTeX Info: Redefining \. on input line 7.
LaTeX Info: Redefining \% on input line 7.
) ("d:/Users\grigo\Google Drive\Facultad\Balseiro\PI Lucas\git-repository\digital-beamforming\Tesis\Capitulos/ConformacionDeHaz.aux") ("d:/Users\grigo\Google Drive\Facultad\Balseiro\PI Lucas\git-repository\digital-beamforming\Tesis\Capitulos/Algoritmos_DOA.aux") ("d:/Users\grigo\Google Drive\Facultad\Balseiro\PI Lucas\git-repository\digital-beamforming\Tesis\Capitulos/MuestreoAleatorio.aux") ("d:/Users\grigo\Google Drive\Facultad\Balseiro\PI Lucas\git-repository\digital-beamforming\Tesis\Capitulos/MachineLearning.aux") ("d:/Users\grigo\Google Drive\Facultad\Balseiro\PI Lucas\git-repository\digital-beamforming\Tesis\Capitulos/Sistema.aux") ("d:/Users\grigo\Google Drive\Facultad\Balseiro\PI Lucas\git-repository\digital-beamforming\Tesis\Capitulos/GNURadio.aux") ("d:/Users\grigo\Google Drive\Facultad\Balseiro\PI Lucas\git-repository\digital-beamforming\Tesis\Capitulos/Futuro.aux") ("d:/Users\grigo\Google Drive\Facultad\Balseiro\PI Lucas\git-repository\digital-beamforming\Tesis\Capitulos/Conclusiones.aux") ("d:/Users\grigo\Google Drive\Facultad\Balseiro\PI Lucas\git-repository\digital-beamforming\Tesis\Capitulos/Ap_XX.aux"))
\openout1 = `PI_Grigolato.aux'.

LaTeX Font Info:    Checking defaults for OML/cmm/m/it on input line 52.
LaTeX Font Info:    ... okay on input line 52.
LaTeX Font Info:    Checking defaults for OMS/cmsy/m/n on input line 52.
LaTeX Font Info:    ... okay on input line 52.
LaTeX Font Info:    Checking defaults for OT1/cmr/m/n on input line 52.
LaTeX Font Info:    ... okay on input line 52.
LaTeX Font Info:    Checking defaults for T1/cmr/m/n on input line 52.
LaTeX Font Info:    ... okay on input line 52.
LaTeX Font Info:    Checking defaults for TS1/cmr/m/n on input line 52.
LaTeX Font Info:    ... okay on input line 52.
LaTeX Font Info:    Checking defaults for OMX/cmex/m/n on input line 52.
LaTeX Font Info:    ... okay on input line 52.
LaTeX Font Info:    Checking defaults for U/cmr/m/n on input line 52.
LaTeX Font Info:    ... okay on input line 52.
LaTeX Font Info:    Checking defaults for PD1/pdf/m/n on input line 52.
LaTeX Font Info:    ... okay on input line 52.
LaTeX Info: Redefining \. on input line 52.
LaTeX Info: Redefining \% on input line 52.
Package caption Info: Begin \AtBeginDocument code.
Package caption Info: changepage package is loaded.
\caption@adjustwidth@hsize=\dimen178
\caption@adjustwidth@linewidth=\dimen179
Package caption Info: hyperref package is loaded.
Package caption Info: listings package is loaded.
Package caption Info: rotating package is loaded.
Package caption Info: wrapfig package is loaded.
Package caption Info: End \AtBeginDocument code.
 ("C:\Program Files\MiKTeX 2.9\tex/context/base/mkii\supp-pdf.mkii"
[Loading MPS to PDF converter (version 2006.09.02).]
\scratchcounter=\count301
\scratchdimen=\dimen180
\scratchbox=\box54
\nofMPsegments=\count302
\nofMParguments=\count303
\everyMPshowfont=\toks26
\MPscratchCnt=\count304
\MPscratchDim=\dimen181
\MPnumerator=\count305
\makeMPintoPDFobject=\count306
\everyMPtoPDFconversion=\toks27
)
*geometry* driver: auto-detecting
*geometry* detected driver: pdftex
*geometry* verbose mode - [ preamble ] result:
* driver: pdftex
* paper: a4paper
* layout: <same size as paper>
* layoutoffset:(h,v)=(0.0pt,0.0pt)
* hratio: 1:1
* modes: includefoot twoside 
* h-part:(L,W,R)=(78.24507pt, 441.01772pt, 78.24509pt)
* v-part:(T,H,B)=(85.35826pt, 728.39055pt, 31.29803pt)
* \paperwidth=597.50787pt
* \paperheight=845.04684pt
* \textwidth=441.01772pt
* \textheight=703.09561pt
* \oddsidemargin=5.97508pt
* \evensidemargin=5.9751pt
* \topmargin=-16.97922pt
* \headheight=15.6pt
* \headsep=18.06749pt
* \topskip=10.0pt
* \footskip=25.29494pt
* \marginparwidth=125.0pt
* \marginparsep=7.0pt
* \columnsep=10.0pt
* \skip\footins=9.0pt plus 4.0pt minus 2.0pt
* \hoffset=0.0pt
* \voffset=0.0pt
* \mag=1000
* \@twocolumnfalse
* \@twosidetrue
* \@mparswitchtrue
* \@reversemarginfalse
* (1in=72.27pt=25.4mm, 1cm=28.453pt)

Package hyperref Info: Link coloring ON on input line 52.
("C:\Program Files\MiKTeX 2.9\tex/latex/hyperref\nameref.sty"
Package: nameref 2019/09/16 v2.46 Cross-referencing by name of section
 ("C:\Program Files\MiKTeX 2.9\tex/latex/refcount\refcount.sty"
Package: refcount 2019/12/15 v3.6 Data extraction from label references (HO)
) ("C:\Program Files\MiKTeX 2.9\tex/generic/gettitlestring\gettitlestring.sty"
Package: gettitlestring 2019/12/15 v1.6 Cleanup title references (HO)
)
\c@section@level=\count307
)
LaTeX Info: Redefining \ref on input line 52.
LaTeX Info: Redefining \pageref on input line 52.
LaTeX Info: Redefining \nameref on input line 52.
 ("d:/Users\grigo\Google Drive\Facultad\Balseiro\PI Lucas\git-repository\digital-beamforming\Tesis\PI_Grigolato.out") ("d:/Users\grigo\Google Drive\Facultad\Balseiro\PI Lucas\git-repository\digital-beamforming\Tesis\PI_Grigolato.out")
\@outlinefile=\write3
\openout3 = `PI_Grigolato.out'.

Package backref Info: ** backref set up for natbib ** on input line 52.
\c@lstlisting=\count308
LaTeX Font Info:    Trying to load font information for U+msa on input line 57.
 ("C:\Program Files\MiKTeX 2.9\tex/latex/amsfonts\umsa.fd"
File: umsa.fd 2013/01/14 v3.01 AMS symbols A
)
LaTeX Font Info:    Trying to load font information for U+msb on input line 57.
 ("C:\Program Files\MiKTeX 2.9\tex/latex/amsfonts\umsb.fd"
File: umsb.fd 2013/01/14 v3.01 AMS symbols B
) [1



{C:/Users/grigo/AppData/Local/MiKTeX/2.9/pdftex/config/pdftex.map}] [2

] [3] [4

] [5


] [6

] ("d:/Users\grigo\Google Drive\Facultad\Balseiro\PI Lucas\git-repository\digital-beamforming\Tesis\PI_Grigolato.toc"
LaTeX Info: Redefining \. on input line 1.
LaTeX Info: Redefining \% on input line 1.
LaTeX Info: Redefining \. on input line 9.
LaTeX Info: Redefining \% on input line 9.
LaTeX Info: Redefining \. on input line 11.
LaTeX Info: Redefining \% on input line 11.
 [7


])
\tf@toc=\write4
\openout4 = `PI_Grigolato.toc'.

LaTeX Info: Redefining \. on input line 97.
LaTeX Info: Redefining \% on input line 97.
 [8] ("d:/Users\grigo\Google Drive\Facultad\Balseiro\PI Lucas\git-repository\digital-beamforming\Tesis\PI_Grigolato.lof"
LaTeX Info: Redefining \. on input line 1.
LaTeX Info: Redefining \% on input line 1.
LaTeX Info: Redefining \. on input line 3.
LaTeX Info: Redefining \% on input line 3.
LaTeX Info: Redefining \. on input line 5.
LaTeX Info: Redefining \% on input line 5.
LaTeX Font Info:    Trying to load font information for U+euf on input line 19.
 ("C:\Program Files\MiKTeX 2.9\tex/latex/amsfonts\ueuf.fd"
File: ueuf.fd 2013/01/14 v3.01 Euler Fraktur
) [9


]
LaTeX Info: Redefining \. on input line 58.
LaTeX Info: Redefining \% on input line 58.
 [10])
\tf@lof=\write5
\openout5 = `PI_Grigolato.lof'.

LaTeX Info: Redefining \. on input line 99.
LaTeX Info: Redefining \% on input line 99.
 [11] [12

] ("d:/Users\grigo\Google Drive\Facultad\Balseiro\PI Lucas\git-repository\digital-beamforming\Tesis\PI_Grigolato.lot"
LaTeX Info: Redefining \. on input line 1.
LaTeX Info: Redefining \% on input line 1.
LaTeX Info: Redefining \. on input line 3.
LaTeX Info: Redefining \% on input line 3.
LaTeX Info: Redefining \. on input line 5.
LaTeX Info: Redefining \% on input line 5.
)
\tf@lot=\write6
\openout6 = `PI_Grigolato.lot'.

 [13

]
\openout2 = `Capitulos/Abstract.aux'.

 ("d:/Users\grigo\Google Drive\Facultad\Balseiro\PI Lucas\git-repository\digital-beamforming\Tesis\Capitulos/Abstract.tex" [14


] [15

] [16

]
LaTeX Info: Redefining \. on input line 7.
LaTeX Info: Redefining \% on input line 7.
 [17


] [18

]
LaTeX Info: Redefining \. on input line 7.
LaTeX Info: Redefining \% on input line 7.
)
\openout2 = `Capitulos/Introduccion.aux'.

 ("d:/Users\grigo\Google Drive\Facultad\Balseiro\PI Lucas\git-repository\digital-beamforming\Tesis\Capitulos/Introduccion.tex"
Cap\'{\i }tulo 1.
[1






]
<images/01-Introducción/ciaa.png, id=613, 298.86656pt x 194.22563pt>
File: images/01-Introducción/ciaa.png Graphic file (type png)
<use images/01-Introducción/ciaa.png>
Package pdftex.def Info: images/01-Introducción/ciaa.png  used on input line 31.
(pdftex.def)             Requested size: 216.10109pt x 140.441pt.
<images/01-Introducción/ad.png, id=614, 295.1025pt x 220.57407pt>
File: images/01-Introducción/ad.png Graphic file (type png)
<use images/01-Introducción/ad.png>
Package pdftex.def Info: images/01-Introducción/ad.png  used on input line 38.
(pdftex.def)             Requested size: 216.10109pt x 161.52594pt.
)
LaTeX Info: Redefining \. on input line 106.
LaTeX Info: Redefining \% on input line 106.
 [2]
LaTeX Info: Redefining \. on input line 106.
LaTeX Info: Redefining \% on input line 106.
 [3 <d:/Users/grigo/Google Drive/Facultad/Balseiro/PI Lucas/git-repository/digital-beamforming/Tesis/images/01-Introducción/ciaa.png> <d:/Users/grigo/Google Drive/Facultad/Balseiro/PI Lucas/git-repository/digital-beamforming/Tesis/images/01-Introducción/ad.png>]
\openout2 = `Capitulos/ConformacionDeHaz.aux'.

 ("d:/Users\grigo\Google Drive\Facultad\Balseiro\PI Lucas\git-repository\digital-beamforming\Tesis\Capitulos/ConformacionDeHaz.tex" [4




]
Cap\'{\i }tulo 2.
<images/02-Beamforming/antenasorientadas.png, id=629, 1741.73117pt x 611.03197pt>
File: images/02-Beamforming/antenasorientadas.png Graphic file (type png)
<use images/02-Beamforming/antenasorientadas.png>
Package pdftex.def Info: images/02-Beamforming/antenasorientadas.png  used on input line 9.
(pdftex.def)             Requested size: 396.91324pt x 139.23842pt.
[5 <d:/Users/grigo/Google Drive/Facultad/Balseiro/PI Lucas/git-repository/digital-beamforming/Tesis/images/02-Beamforming/antenasorientadas.png>]
<images/02-Beamforming/estacionterrenacordoba.jpg, id=637, 308.352pt x 231.264pt>
File: images/02-Beamforming/estacionterrenacordoba.jpg Graphic file (type jpg)
<use images/02-Beamforming/estacionterrenacordoba.jpg>
Package pdftex.def Info: images/02-Beamforming/estacionterrenacordoba.jpg  used on input line 18.
(pdftex.def)             Requested size: 396.91324pt x 297.68954pt.
LaTeX Info: Redefining \. on input line 32.
LaTeX Info: Redefining \% on input line 32.
 [6 <d:/Users/grigo/Google Drive/Facultad/Balseiro/PI Lucas/git-repository/digital-beamforming/Tesis/images/02-Beamforming/estacionterrenacordoba.jpg>]
<images/02-Beamforming/lookangles.png, id=649, 335.00407pt x 302.61552pt>
File: images/02-Beamforming/lookangles.png Graphic file (type png)
<use images/02-Beamforming/lookangles.png>
Package pdftex.def Info: images/02-Beamforming/lookangles.png  used on input line 38.
(pdftex.def)             Requested size: 264.61331pt x 239.03131pt.
<images/02-Beamforming/caso1d.png, id=651, 376.33575pt x 177.89539pt>
File: images/02-Beamforming/caso1d.png Graphic file (type png)
<use images/02-Beamforming/caso1d.png>
Package pdftex.def Info: images/02-Beamforming/caso1d.png  used on input line 47.
(pdftex.def)             Requested size: 352.8155pt x 166.78464pt.
LaTeX Info: Redefining \. on input line 53.
LaTeX Info: Redefining \% on input line 53.
 [7 <d:/Users/grigo/Google Drive/Facultad/Balseiro/PI Lucas/git-repository/digital-beamforming/Tesis/images/02-Beamforming/lookangles.png> <d:/Users/grigo/Google Drive/Facultad/Balseiro/PI Lucas/git-repository/digital-beamforming/Tesis/images/02-Beamforming/caso1d.png>]
LaTeX Info: Redefining \. on input line 87.
LaTeX Info: Redefining \% on input line 87.
 [8]
<images/02-Beamforming/analogbeamformer.png, id=675, 4151.9115pt x 3786.948pt>
File: images/02-Beamforming/analogbeamformer.png Graphic file (type png)
<use images/02-Beamforming/analogbeamformer.png>
Package pdftex.def Info: images/02-Beamforming/analogbeamformer.png  used on input line 100.
(pdftex.def)             Requested size: 308.71104pt x 281.52412pt.
<images/02-Beamforming/digitalbeamformer.png, id=676, 5281.13025pt x 3786.948pt>
File: images/02-Beamforming/digitalbeamformer.png Graphic file (type png)
<use images/02-Beamforming/digitalbeamformer.png>
Package pdftex.def Info: images/02-Beamforming/digitalbeamformer.png  used on input line 107.
(pdftex.def)             Requested size: 352.8155pt x 252.97879pt.
LaTeX Info: Redefining \. on input line 117.
LaTeX Info: Redefining \% on input line 117.
 [9]
Underfull \vbox (badness 10000) has occurred while \output is active []

LaTeX Info: Redefining \. on input line 124.
LaTeX Info: Redefining \% on input line 124.
 [10 <d:/Users/grigo/Google Drive/Facultad/Balseiro/PI Lucas/git-repository/digital-beamforming/Tesis/images/02-Beamforming/analogbeamformer.png> <d:/Users/grigo/Google Drive/Facultad/Balseiro/PI Lucas/git-repository/digital-beamforming/Tesis/images/02-Beamforming/digitalbeamformer.png>]
<images/02-Beamforming/ula.png, id=697, 392.28833pt x 158.07552pt>
File: images/02-Beamforming/ula.png Graphic file (type png)
<use images/02-Beamforming/ula.png>
Package pdftex.def Info: images/02-Beamforming/ula.png  used on input line 152.
(pdftex.def)             Requested size: 308.71104pt x 124.39828pt.
LaTeX Info: Redefining \. on input line 162.
LaTeX Info: Redefining \% on input line 162.
 [11]
Underfull \vbox (badness 1533) has occurred while \output is active []

LaTeX Info: Redefining \. on input line 194.
LaTeX Info: Redefining \% on input line 194.
 [12 <d:/Users/grigo/Google Drive/Facultad/Balseiro/PI Lucas/git-repository/digital-beamforming/Tesis/images/02-Beamforming/ula.png>]
<images/02-Beamforming/uca.png, id=723, 389.14615pt x 443.28822pt>
File: images/02-Beamforming/uca.png Graphic file (type png)
<use images/02-Beamforming/uca.png>
Package pdftex.def Info: images/02-Beamforming/uca.png  used on input line 201.
(pdftex.def)             Requested size: 308.71104pt x 351.67517pt.
<images/02-Beamforming/uca_3d.png, id=724, 434.58682pt x 274.57765pt>
File: images/02-Beamforming/uca_3d.png Graphic file (type png)
<use images/02-Beamforming/uca_3d.png>
Package pdftex.def Info: images/02-Beamforming/uca_3d.png  used on input line 206.
(pdftex.def)             Requested size: 308.71104pt x 195.05623pt.

Underfull \vbox (badness 10000) has occurred while \output is active []

LaTeX Info: Redefining \. on input line 216.
LaTeX Info: Redefining \% on input line 216.
 [13 <d:/Users/grigo/Google Drive/Facultad/Balseiro/PI Lucas/git-repository/digital-beamforming/Tesis/images/02-Beamforming/uca.png> <d:/Users/grigo/Google Drive/Facultad/Balseiro/PI Lucas/git-repository/digital-beamforming/Tesis/images/02-Beamforming/uca_3d.png>]
<images/02-Beamforming/ura.png, id=735, 442.80481pt x 376.57745pt>
File: images/02-Beamforming/ura.png Graphic file (type png)
<use images/02-Beamforming/ura.png>
Package pdftex.def Info: images/02-Beamforming/ura.png  used on input line 221.
(pdftex.def)             Requested size: 264.61331pt x 225.04607pt.
<images/02-Beamforming/ura_3d.png, id=736, 399.05609pt x 300.92358pt>
File: images/02-Beamforming/ura_3d.png Graphic file (type png)
<use images/02-Beamforming/ura_3d.png>
Package pdftex.def Info: images/02-Beamforming/ura_3d.png  used on input line 226.
(pdftex.def)             Requested size: 308.71104pt x 232.80928pt.

Underfull \vbox (badness 4132) has occurred while \output is active []

LaTeX Info: Redefining \. on input line 240.
LaTeX Info: Redefining \% on input line 240.
 [14 <d:/Users/grigo/Google Drive/Facultad/Balseiro/PI Lucas/git-repository/digital-beamforming/Tesis/images/02-Beamforming/ura.png> <d:/Users/grigo/Google Drive/Facultad/Balseiro/PI Lucas/git-repository/digital-beamforming/Tesis/images/02-Beamforming/ura_3d.png>]
<images/02-Beamforming/problem.png, id=748, 2950.76872pt x 1989.73149pt>
File: images/02-Beamforming/problem.png Graphic file (type png)
<use images/02-Beamforming/problem.png>
Package pdftex.def Info: images/02-Beamforming/problem.png  used on input line 261.
(pdftex.def)             Requested size: 396.91324pt x 267.63062pt.
)
LaTeX Info: Redefining \. on input line 107.
LaTeX Info: Redefining \% on input line 107.
 [15 <d:/Users/grigo/Google Drive/Facultad/Balseiro/PI Lucas/git-repository/digital-beamforming/Tesis/images/02-Beamforming/problem.png>]
LaTeX Info: Redefining \. on input line 107.
LaTeX Info: Redefining \% on input line 107.
 [16]
\openout2 = `Capitulos/Algoritmos_DOA.aux'.

 ("d:/Users\grigo\Google Drive\Facultad\Balseiro\PI Lucas\git-repository\digital-beamforming\Tesis\Capitulos/Algoritmos_DOA.tex"
Cap\'{\i }tulo 3.
[17




]
<images/03-DOAEst/arraymanifold.png, id=770, 478.81897pt x 650.6717pt>
File: images/03-DOAEst/arraymanifold.png Graphic file (type png)
<use images/03-DOAEst/arraymanifold.png>
Package pdftex.def Info: images/03-DOAEst/arraymanifold.png  used on input line 63.
(pdftex.def)             Requested size: 308.71104pt x 419.50629pt.
LaTeX Info: Redefining \. on input line 67.
LaTeX Info: Redefining \% on input line 67.
 [18]
Overfull \hbox (15.22026pt too wide) detected at line 92
[]
 []


Underfull \vbox (badness 10000) has occurred while \output is active []

LaTeX Info: Redefining \. on input line 92.
LaTeX Info: Redefining \% on input line 92.
 [19 <d:/Users/grigo/Google Drive/Facultad/Balseiro/PI Lucas/git-repository/digital-beamforming/Tesis/images/03-DOAEst/arraymanifold.png>]
Underfull \vbox (badness 10000) has occurred while \output is active []

LaTeX Info: Redefining \. on input line 139.
LaTeX Info: Redefining \% on input line 139.
 [20]
LaTeX Info: Redefining \. on input line 173.
LaTeX Info: Redefining \% on input line 173.
 [21]
LaTeX Info: Redefining \. on input line 199.
LaTeX Info: Redefining \% on input line 199.
 [22]
<images/03-DOAEst/esprit.png, id=834, 538.8933pt x 471.6822pt>
File: images/03-DOAEst/esprit.png Graphic file (type png)
<use images/03-DOAEst/esprit.png>
Package pdftex.def Info: images/03-DOAEst/esprit.png  used on input line 218.
(pdftex.def)             Requested size: 308.71104pt x 270.21474pt.
LaTeX Info: Redefining \. on input line 231.
LaTeX Info: Redefining \% on input line 231.
 [23]
Underfull \vbox (badness 10000) has occurred while \output is active []

LaTeX Info: Redefining \. on input line 265.
LaTeX Info: Redefining \% on input line 265.
 [24 <d:/Users/grigo/Google Drive/Facultad/Balseiro/PI Lucas/git-repository/digital-beamforming/Tesis/images/03-DOAEst/esprit.png>]
Underfull \vbox (badness 10000) has occurred while \output is active []

LaTeX Info: Redefining \. on input line 322.
LaTeX Info: Redefining \% on input line 322.
 [25]
<images/03-DOAEst/esprit_x.png, id=873, 476.982pt x 516.4896pt>
File: images/03-DOAEst/esprit_x.png Graphic file (type png)
<use images/03-DOAEst/esprit_x.png>
Package pdftex.def Info: images/03-DOAEst/esprit_x.png  used on input line 339.
(pdftex.def)             Requested size: 216.10109pt x 234.00224pt.
<images/03-DOAEst/esprit_y.png, id=874, 476.982pt x 516.4896pt>
File: images/03-DOAEst/esprit_y.png Graphic file (type png)
<use images/03-DOAEst/esprit_y.png>
Package pdftex.def Info: images/03-DOAEst/esprit_y.png  used on input line 344.
(pdftex.def)             Requested size: 216.10109pt x 234.00224pt.

Underfull \vbox (badness 10000) has occurred while \output is active []

LaTeX Info: Redefining \. on input line 354.
LaTeX Info: Redefining \% on input line 354.
 [26 <d:/Users/grigo/Google Drive/Facultad/Balseiro/PI Lucas/git-repository/digital-beamforming/Tesis/images/03-DOAEst/esprit_x.png> <d:/Users/grigo/Google Drive/Facultad/Balseiro/PI Lucas/git-repository/digital-beamforming/Tesis/images/03-DOAEst/esprit_y.png>]
LaTeX Info: Redefining \. on input line 388.
LaTeX Info: Redefining \% on input line 388.
 [27]
LaTeX Info: Redefining \. on input line 415.
LaTeX Info: Redefining \% on input line 415.
 [28]
<images/03-DOAEst/error_vs_snr.png, id=935, 622.7265pt x 322.806pt>
File: images/03-DOAEst/error_vs_snr.png Graphic file (type png)
<use images/03-DOAEst/error_vs_snr.png>
Package pdftex.def Info: images/03-DOAEst/error_vs_snr.png  used on input line 445.
(pdftex.def)             Requested size: 396.91324pt x 205.74792pt.
<images/03-DOAEst/p_mu_-10.png, id=937, 453.8556pt x 265.2309pt>
File: images/03-DOAEst/p_mu_-10.png Graphic file (type png)
<use images/03-DOAEst/p_mu_-10.png>
Package pdftex.def Info: images/03-DOAEst/p_mu_-10.png  used on input line 457.
(pdftex.def)             Requested size: 216.10109pt x 126.2895pt.
<images/03-DOAEst/p_mu_-5.png, id=938, 463.4916pt x 265.2309pt>
File: images/03-DOAEst/p_mu_-5.png Graphic file (type png)
<use images/03-DOAEst/p_mu_-5.png>
Package pdftex.def Info: images/03-DOAEst/p_mu_-5.png  used on input line 463.
(pdftex.def)             Requested size: 216.10109pt x 123.66295pt.
<images/03-DOAEst/p_mu_0.png, id=939, 453.8556pt x 265.2309pt>
File: images/03-DOAEst/p_mu_0.png Graphic file (type png)
<use images/03-DOAEst/p_mu_0.png>
Package pdftex.def Info: images/03-DOAEst/p_mu_0.png  used on input line 469.
(pdftex.def)             Requested size: 216.10109pt x 126.2895pt.
<images/03-DOAEst/p_mu_10.png, id=940, 453.8556pt x 265.2309pt>
File: images/03-DOAEst/p_mu_10.png Graphic file (type png)
<use images/03-DOAEst/p_mu_10.png>
Package pdftex.def Info: images/03-DOAEst/p_mu_10.png  used on input line 475.
(pdftex.def)             Requested size: 216.10109pt x 126.2895pt.


Package hyperref Warning: Token not allowed in a PDF string (PDFDocEncoding):
(hyperref)                removing `math shift' on input line 482.


Package hyperref Warning: Token not allowed in a PDF string (PDFDocEncoding):
(hyperref)                removing `\begingroup' on input line 482.


Package hyperref Warning: Token not allowed in a PDF string (PDFDocEncoding):
(hyperref)                removing `\sigma' on input line 482.


Package hyperref Warning: Token not allowed in a PDF string (PDFDocEncoding):
(hyperref)                removing `subscript' on input line 482.


Package hyperref Warning: Token not allowed in a PDF string (PDFDocEncoding):
(hyperref)                removing `\endgroup' on input line 482.


Package hyperref Warning: Token not allowed in a PDF string (PDFDocEncoding):
(hyperref)                removing `\@@over' on input line 482.


Package hyperref Warning: Token not allowed in a PDF string (PDFDocEncoding):
(hyperref)                removing `math shift' on input line 482.

LaTeX Info: Redefining \. on input line 486.
LaTeX Info: Redefining \% on input line 486.
[29]
LaTeX Info: Redefining \. on input line 491.
LaTeX Info: Redefining \% on input line 491.
 [30 <d:/Users/grigo/Google Drive/Facultad/Balseiro/PI Lucas/git-repository/digital-beamforming/Tesis/images/03-DOAEst/error_vs_snr.png> <d:/Users/grigo/Google Drive/Facultad/Balseiro/PI Lucas/git-repository/digital-beamforming/Tesis/images/03-DOAEst/p_mu_-10.png> <d:/Users/grigo/Google Drive/Facultad/Balseiro/PI Lucas/git-repository/digital-beamforming/Tesis/images/03-DOAEst/p_mu_-5.png> <d:/Users/grigo/Google Drive/Facultad/Balseiro/PI Lucas/git-repository/digital-beamforming/Tesis/images/03-DOAEst/p_mu_0.png> <d:/Users/grigo/Google Drive/Facultad/Balseiro/PI Lucas/git-repository/digital-beamforming/Tesis/images/03-DOAEst/p_mu_10.png>]
<images/03-DOAEst/error_vs_d_error.png, id=962, 622.7265pt x 327.624pt>
File: images/03-DOAEst/error_vs_d_error.png Graphic file (type png)
<use images/03-DOAEst/error_vs_d_error.png>
Package pdftex.def Info: images/03-DOAEst/error_vs_d_error.png  used on input line 497.
(pdftex.def)             Requested size: 396.91324pt x 208.81879pt.
<images/03-DOAEst/error_vs_n.png, id=964, 622.7265pt x 323.0469pt>
File: images/03-DOAEst/error_vs_n.png Graphic file (type png)
<use images/03-DOAEst/error_vs_n.png>
Package pdftex.def Info: images/03-DOAEst/error_vs_n.png  used on input line 516.
(pdftex.def)             Requested size: 396.91324pt x 205.90147pt.


Package hyperref Warning: Token not allowed in a PDF string (PDFDocEncoding):
(hyperref)                removing `math shift' on input line 524.


Package hyperref Warning: Token not allowed in a PDF string (PDFDocEncoding):
(hyperref)                removing `math shift' on input line 524.

LaTeX Info: Redefining \. on input line 526.
LaTeX Info: Redefining \% on input line 526.
[31 <d:/Users/grigo/Google Drive/Facultad/Balseiro/PI Lucas/git-repository/digital-beamforming/Tesis/images/03-DOAEst/error_vs_d_error.png>]
<images/03-DOAEst/time_vs_m.png, id=975, 619.3539pt x 322.806pt>
File: images/03-DOAEst/time_vs_m.png Graphic file (type png)
<use images/03-DOAEst/time_vs_m.png>
Package pdftex.def Info: images/03-DOAEst/time_vs_m.png  used on input line 533.
(pdftex.def)             Requested size: 396.91324pt x 206.87096pt.
LaTeX Info: Redefining \. on input line 541.
LaTeX Info: Redefining \% on input line 541.
 [32 <d:/Users/grigo/Google Drive/Facultad/Balseiro/PI Lucas/git-repository/digital-beamforming/Tesis/images/03-DOAEst/error_vs_n.png>]
<images/03-DOAEst/svd_vs_n_m.png, id=988, 618.1494pt x 350.9913pt>
File: images/03-DOAEst/svd_vs_n_m.png Graphic file (type png)
<use images/03-DOAEst/svd_vs_n_m.png>
Package pdftex.def Info: images/03-DOAEst/svd_vs_n_m.png  used on input line 555.
(pdftex.def)             Requested size: 396.91324pt x 225.37811pt.
<images/03-DOAEst/svd_vs_n_16.png, id=990, 618.1494pt x 323.0469pt>
File: images/03-DOAEst/svd_vs_n_16.png Graphic file (type png)
<use images/03-DOAEst/svd_vs_n_16.png>
Package pdftex.def Info: images/03-DOAEst/svd_vs_n_16.png  used on input line 563.
(pdftex.def)             Requested size: 396.91324pt x 207.43448pt.
LaTeX Info: Redefining \. on input line 567.
LaTeX Info: Redefining \% on input line 567.
 [33 <d:/Users/grigo/Google Drive/Facultad/Balseiro/PI Lucas/git-repository/digital-beamforming/Tesis/images/03-DOAEst/time_vs_m.png>])
LaTeX Info: Redefining \. on input line 108.
LaTeX Info: Redefining \% on input line 108.
 [34 <d:/Users/grigo/Google Drive/Facultad/Balseiro/PI Lucas/git-repository/digital-beamforming/Tesis/images/03-DOAEst/svd_vs_n_m.png> <d:/Users/grigo/Google Drive/Facultad/Balseiro/PI Lucas/git-repository/digital-beamforming/Tesis/images/03-DOAEst/svd_vs_n_16.png>]
\openout2 = `Capitulos/MuestreoAleatorio.aux'.

 ("d:/Users\grigo\Google Drive\Facultad\Balseiro\PI Lucas\git-repository\digital-beamforming\Tesis\Capitulos/MuestreoAleatorio.tex"
Cap\'{\i }tulo 4.
<images/04-Random Sampling/sa_sb.png, id=1009, 577.9191pt x 323.7696pt>
File: images/04-Random Sampling/sa_sb.png Graphic file (type png)
<use images/04-Random Sampling/sa_sb.png>
Package pdftex.def Info: images/04-Random Sampling/sa_sb.png  used on input line 13.
(pdftex.def)             Requested size: 396.91324pt x 222.3638pt.
<images/04-Random Sampling/sa_sb_15.png, id=1010, 577.9191pt x 323.7696pt>
File: images/04-Random Sampling/sa_sb_15.png Graphic file (type png)
<use images/04-Random Sampling/sa_sb_15.png>
Package pdftex.def Info: images/04-Random Sampling/sa_sb_15.png  used on input line 20.
(pdftex.def)             Requested size: 396.91324pt x 222.3638pt.
<images/04-Random Sampling/rs_random_sampling_sine.png, id=1015, 577.9191pt x 323.7696pt>
File: images/04-Random Sampling/rs_random_sampling_sine.png Graphic file (type png)
<use images/04-Random Sampling/rs_random_sampling_sine.png>
Package pdftex.def Info: images/04-Random Sampling/rs_random_sampling_sine.png  used on input line 30.
(pdftex.def)             Requested size: 396.91324pt x 222.3638pt.
[35




]
Underfull \vbox (badness 10000) has occurred while \output is active []

LaTeX Info: Redefining \. on input line 40.
LaTeX Info: Redefining \% on input line 40.
 [36 <d:/Users/grigo/Google Drive/Facultad/Balseiro/PI Lucas/git-repository/digital-beamforming/Tesis/images/04-Random Sampling/sa_sb.png> <d:/Users/grigo/Google Drive/Facultad/Balseiro/PI Lucas/git-repository/digital-beamforming/Tesis/images/04-Random Sampling/sa_sb_15.png>]
Underfull \vbox (badness 2173) has occurred while \output is active []

LaTeX Info: Redefining \. on input line 65.
LaTeX Info: Redefining \% on input line 65.
 [37 <d:/Users/grigo/Google Drive/Facultad/Balseiro/PI Lucas/git-repository/digital-beamforming/Tesis/images/04-Random Sampling/rs_random_sampling_sine.png>]
LaTeX Info: Redefining \. on input line 98.
LaTeX Info: Redefining \% on input line 98.
 [38]
LaTeX Info: Redefining \. on input line 132.
LaTeX Info: Redefining \% on input line 132.
 [39]
<images/04-Random Sampling/rs_rxy.png, id=1077, 621.0402pt x 306.1839pt>
File: images/04-Random Sampling/rs_rxy.png Graphic file (type png)
<use images/04-Random Sampling/rs_rxy.png>
Package pdftex.def Info: images/04-Random Sampling/rs_rxy.png  used on input line 161.
(pdftex.def)             Requested size: 396.91324pt x 195.68604pt.

Underfull \vbox (badness 1924) has occurred while \output is active []

LaTeX Info: Redefining \. on input line 167.
LaTeX Info: Redefining \% on input line 167.
 [40]
<images/04-Random Sampling/rs_vs_T.png, id=1088, 622.7265pt x 323.0469pt>
File: images/04-Random Sampling/rs_vs_T.png Graphic file (type png)
<use images/04-Random Sampling/rs_vs_T.png>
Package pdftex.def Info: images/04-Random Sampling/rs_vs_T.png  used on input line 170.
(pdftex.def)             Requested size: 396.91324pt x 205.90147pt.
)
LaTeX Info: Redefining \. on input line 109.
LaTeX Info: Redefining \% on input line 109.
 [41 <d:/Users/grigo/Google Drive/Facultad/Balseiro/PI Lucas/git-repository/digital-beamforming/Tesis/images/04-Random Sampling/rs_rxy.png> <d:/Users/grigo/Google Drive/Facultad/Balseiro/PI Lucas/git-repository/digital-beamforming/Tesis/images/04-Random Sampling/rs_vs_T.png>]
\openout2 = `Capitulos/MachineLearning.aux'.

 ("d:/Users\grigo\Google Drive\Facultad\Balseiro\PI Lucas\git-repository\digital-beamforming\Tesis\Capitulos/MachineLearning.tex" [42




]
Cap\'{\i }tulo 5.
<images/05-Machine Learning/ml_aval.png, id=1103, 618.6312pt x 322.806pt>
File: images/05-Machine Learning/ml_aval.png Graphic file (type png)
<use images/05-Machine Learning/ml_aval.png>
Package pdftex.def Info: images/05-Machine Learning/ml_aval.png  used on input line 12.
(pdftex.def)             Requested size: 396.91324pt x 207.11232pt.
[43]
<images/05-Machine Learning/ml_derivada.png, id=1111, 608.9952pt x 322.806pt>
File: images/05-Machine Learning/ml_derivada.png Graphic file (type png)
<use images/05-Machine Learning/ml_derivada.png>
Package pdftex.def Info: images/05-Machine Learning/ml_derivada.png  used on input line 26.
(pdftex.def)             Requested size: 396.91324pt x 210.3977pt.
LaTeX Info: Redefining \. on input line 31.
LaTeX Info: Redefining \% on input line 31.
 [44 <d:/Users/grigo/Google Drive/Facultad/Balseiro/PI Lucas/git-repository/digital-beamforming/Tesis/images/05-Machine Learning/ml_aval.png> <d:/Users/grigo/Google Drive/Facultad/Balseiro/PI Lucas/git-repository/digital-beamforming/Tesis/images/05-Machine Learning/ml_derivada.png>]
<images/05-Machine Learning/ml_maxder_imp.png, id=1121, 143.81488pt x 53.41696pt>
File: images/05-Machine Learning/ml_maxder_imp.png Graphic file (type png)
<use images/05-Machine Learning/ml_maxder_imp.png>
Package pdftex.def Info: images/05-Machine Learning/ml_maxder_imp.png  used on input line 47.
(pdftex.def)             Requested size: 308.71104pt x 114.66568pt.
LaTeX Info: Redefining \. on input line 58.
LaTeX Info: Redefining \% on input line 58.
 [45 <d:/Users/grigo/Google Drive/Facultad/Balseiro/PI Lucas/git-repository/digital-beamforming/Tesis/images/05-Machine Learning/ml_maxder_imp.png>]
<images/05-Machine Learning/ml_classificator_system.png, id=1128, 594.83769pt x 80.7297pt>
File: images/05-Machine Learning/ml_classificator_system.png Graphic file (type png)
<use images/05-Machine Learning/ml_classificator_system.png>
Package pdftex.def Info: images/05-Machine Learning/ml_classificator_system.png  used on input line 69.
(pdftex.def)             Requested size: 308.71104pt x 41.89838pt.
<images/05-Machine Learning/ml_sigmoid.png, id=1131, 618.1494pt x 322.806pt>
File: images/05-Machine Learning/ml_sigmoid.png Graphic file (type png)
<use images/05-Machine Learning/ml_sigmoid.png>
Package pdftex.def Info: images/05-Machine Learning/ml_sigmoid.png  used on input line 84.
(pdftex.def)             Requested size: 396.91324pt x 207.27979pt.

Underfull \vbox (badness 1675) has occurred while \output is active []

LaTeX Info: Redefining \. on input line 106.
LaTeX Info: Redefining \% on input line 106.
 [46 <d:/Users/grigo/Google Drive/Facultad/Balseiro/PI Lucas/git-repository/digital-beamforming/Tesis/images/05-Machine Learning/ml_classificator_system.png>]
<images/05-Machine Learning/ml_dataexample.png, id=1144, 331.1368pt x 180.79585pt>
File: images/05-Machine Learning/ml_dataexample.png Graphic file (type png)
<use images/05-Machine Learning/ml_dataexample.png>
Package pdftex.def Info: images/05-Machine Learning/ml_dataexample.png  used on input line 119.
(pdftex.def)             Requested size: 352.8155pt x 192.63582pt.
LaTeX Info: Redefining \. on input line 130.
LaTeX Info: Redefining \% on input line 130.
 [47 <d:/Users/grigo/Google Drive/Facultad/Balseiro/PI Lucas/git-repository/digital-beamforming/Tesis/images/05-Machine Learning/ml_sigmoid.png>]
Underfull \vbox (badness 10000) has occurred while \output is active []

LaTeX Info: Redefining \. on input line 148.
LaTeX Info: Redefining \% on input line 148.
 [48 <d:/Users/grigo/Google Drive/Facultad/Balseiro/PI Lucas/git-repository/digital-beamforming/Tesis/images/05-Machine Learning/ml_dataexample.png>]
<images/05-Machine Learning/ml_cost1.png, id=1162, 373.395pt x 211.5102pt>
File: images/05-Machine Learning/ml_cost1.png Graphic file (type png)
<use images/05-Machine Learning/ml_cost1.png>
Package pdftex.def Info: images/05-Machine Learning/ml_cost1.png  used on input line 157.
(pdftex.def)             Requested size: 216.10109pt x 122.41135pt.
<images/05-Machine Learning/ml_cost0.png, id=1163, 373.395pt x 211.5102pt>
File: images/05-Machine Learning/ml_cost0.png Graphic file (type png)
<use images/05-Machine Learning/ml_cost0.png>
Package pdftex.def Info: images/05-Machine Learning/ml_cost0.png  used on input line 163.
(pdftex.def)             Requested size: 216.10109pt x 122.41135pt.
<images/05-Machine Learning/ml_db_svm.png, id=1168, 280.862pt x 199.16548pt>
File: images/05-Machine Learning/ml_db_svm.png Graphic file (type png)
<use images/05-Machine Learning/ml_db_svm.png>
Package pdftex.def Info: images/05-Machine Learning/ml_db_svm.png  used on input line 191.
(pdftex.def)             Requested size: 352.8155pt x 250.20221pt.

Underfull \vbox (badness 10000) has occurred while \output is active []

LaTeX Info: Redefining \. on input line 200.
LaTeX Info: Redefining \% on input line 200.
 [49 <d:/Users/grigo/Google Drive/Facultad/Balseiro/PI Lucas/git-repository/digital-beamforming/Tesis/images/05-Machine Learning/ml_cost1.png> <d:/Users/grigo/Google Drive/Facultad/Balseiro/PI Lucas/git-repository/digital-beamforming/Tesis/images/05-Machine Learning/ml_cost0.png>]
<images/05-Machine Learning/ml_proyeccion_svm.png, id=1184, 272.40231pt x 167.01863pt>
File: images/05-Machine Learning/ml_proyeccion_svm.png Graphic file (type png)
<use images/05-Machine Learning/ml_proyeccion_svm.png>
Package pdftex.def Info: images/05-Machine Learning/ml_proyeccion_svm.png  used on input line 212.
(pdftex.def)             Requested size: 308.71104pt x 189.29716pt.

Underfull \vbox (badness 4120) has occurred while \output is active []

LaTeX Info: Redefining \. on input line 217.
LaTeX Info: Redefining \% on input line 217.
 [50 <d:/Users/grigo/Google Drive/Facultad/Balseiro/PI Lucas/git-repository/digital-beamforming/Tesis/images/05-Machine Learning/ml_db_svm.png> <d:/Users/grigo/Google Drive/Facultad/Balseiro/PI Lucas/git-repository/digital-beamforming/Tesis/images/05-Machine Learning/ml_proyeccion_svm.png>]
LaTeX Info: Redefining \. on input line 266.
LaTeX Info: Redefining \% on input line 266.
 [51]
<images/05-Machine Learning/ml_avals_plot.png, id=1221, 618.6312pt x 322.806pt>
File: images/05-Machine Learning/ml_avals_plot.png Graphic file (type png)
<use images/05-Machine Learning/ml_avals_plot.png>
Package pdftex.def Info: images/05-Machine Learning/ml_avals_plot.png  used on input line 299.
(pdftex.def)             Requested size: 396.91324pt x 207.11232pt.
LaTeX Info: Redefining \. on input line 303.
LaTeX Info: Redefining \% on input line 303.
 [52]
Underfull \vbox (badness 1242) has occurred while \output is active []

LaTeX Info: Redefining \. on input line 330.
LaTeX Info: Redefining \% on input line 330.
 [53 <d:/Users/grigo/Google Drive/Facultad/Balseiro/PI Lucas/git-repository/digital-beamforming/Tesis/images/05-Machine Learning/ml_avals_plot.png>]
<images/05-Machine Learning/ml_svm_sigmoid.png, id=1244, 590.4459pt x 306.1839pt>
File: images/05-Machine Learning/ml_svm_sigmoid.png Graphic file (type png)
<use images/05-Machine Learning/ml_svm_sigmoid.png>
Package pdftex.def Info: images/05-Machine Learning/ml_svm_sigmoid.png  used on input line 342.
(pdftex.def)             Requested size: 396.91324pt x 205.82425pt.
<images/05-Machine Learning/ml_svm_poly.png, id=1246, 590.4459pt x 306.1839pt>
File: images/05-Machine Learning/ml_svm_poly.png Graphic file (type png)
<use images/05-Machine Learning/ml_svm_poly.png>
Package pdftex.def Info: images/05-Machine Learning/ml_svm_poly.png  used on input line 360.
(pdftex.def)             Requested size: 396.91324pt x 205.82425pt.
LaTeX Info: Redefining \. on input line 368.
LaTeX Info: Redefining \% on input line 368.
 [54 <d:/Users/grigo/Google Drive/Facultad/Balseiro/PI Lucas/git-repository/digital-beamforming/Tesis/images/05-Machine Learning/ml_svm_sigmoid.png>]
<images/05-Machine Learning/ml_svm_rbf.png, id=1255, 590.4459pt x 306.1839pt>
File: images/05-Machine Learning/ml_svm_rbf.png Graphic file (type png)
<use images/05-Machine Learning/ml_svm_rbf.png>
Package pdftex.def Info: images/05-Machine Learning/ml_svm_rbf.png  used on input line 377.
(pdftex.def)             Requested size: 396.91324pt x 205.82425pt.
LaTeX Info: Redefining \. on input line 387.
LaTeX Info: Redefining \% on input line 387.
 [55 <d:/Users/grigo/Google Drive/Facultad/Balseiro/PI Lucas/git-repository/digital-beamforming/Tesis/images/05-Machine Learning/ml_svm_poly.png> <d:/Users/grigo/Google Drive/Facultad/Balseiro/PI Lucas/git-repository/digital-beamforming/Tesis/images/05-Machine Learning/ml_svm_rbf.png>])
LaTeX Info: Redefining \. on input line 110.
LaTeX Info: Redefining \% on input line 110.
 [56]
\openout2 = `Capitulos/Sistema.aux'.

 ("d:/Users\grigo\Google Drive\Facultad\Balseiro\PI Lucas\git-repository\digital-beamforming\Tesis\Capitulos/Sistema.tex"
Cap\'{\i }tulo 6.
[57




]
<images/06-Sistema/sistema_bd.png, id=1282, 1926.1526pt x 796.17853pt>
File: images/06-Sistema/sistema_bd.png Graphic file (type png)
<use images/06-Sistema/sistema_bd.png>
Package pdftex.def Info: images/06-Sistema/sistema_bd.png  used on input line 29.
(pdftex.def)             Requested size: 396.91324pt x 164.05591pt.
LaTeX Info: Redefining \. on input line 46.
LaTeX Info: Redefining \% on input line 46.
 [58 <d:/Users/grigo/Google Drive/Facultad/Balseiro/PI Lucas/git-repository/digital-beamforming/Tesis/images/06-Sistema/sistema_bd.png>]
<images/06-Sistema/sistema_randomsampler.png, id=1289, 603.5391pt x 193.84796pt>
File: images/06-Sistema/sistema_randomsampler.png Graphic file (type png)
<use images/06-Sistema/sistema_randomsampler.png>
Package pdftex.def Info: images/06-Sistema/sistema_randomsampler.png  used on input line 52.
(pdftex.def)             Requested size: 264.61331pt x 84.9887pt.
<images/06-Sistema/sistema_randomsampler_fpga.png, id=1292, 2125.3181pt x 1696.77391pt>
File: images/06-Sistema/sistema_randomsampler_fpga.png Graphic file (type png)
<use images/06-Sistema/sistema_randomsampler_fpga.png>
Package pdftex.def Info: images/06-Sistema/sistema_randomsampler_fpga.png  used on input line 65.
(pdftex.def)             Requested size: 396.91324pt x 316.87569pt.
LaTeX Info: Redefining \. on input line 71.
LaTeX Info: Redefining \% on input line 71.
 [59 <d:/Users/grigo/Google Drive/Facultad/Balseiro/PI Lucas/git-repository/digital-beamforming/Tesis/images/06-Sistema/sistema_randomsampler.png>]
<images/06-Sistema/sistema_doaest.png, id=1305, 589.27846pt x 269.26013pt>
File: images/06-Sistema/sistema_doaest.png Graphic file (type png)
<use images/06-Sistema/sistema_doaest.png>
Package pdftex.def Info: images/06-Sistema/sistema_doaest.png  used on input line 87.
(pdftex.def)             Requested size: 220.50885pt x 100.75865pt.
<images/06-Sistema/sistema_doaest_2.png, id=1306, 1019.03117pt x 607.8898pt>
File: images/06-Sistema/sistema_doaest_2.png Graphic file (type png)
<use images/06-Sistema/sistema_doaest_2.png>
Package pdftex.def Info: images/06-Sistema/sistema_doaest_2.png  used on input line 94.
(pdftex.def)             Requested size: 396.91324pt x 236.77924pt.
LaTeX Info: Redefining \. on input line 100.
LaTeX Info: Redefining \% on input line 100.
 [60 <d:/Users/grigo/Google Drive/Facultad/Balseiro/PI Lucas/git-repository/digital-beamforming/Tesis/images/06-Sistema/sistema_randomsampler_fpga.png>]
Underfull \vbox (badness 10000) has occurred while \output is active []

LaTeX Info: Redefining \. on input line 117.
LaTeX Info: Redefining \% on input line 117.
 [61 <d:/Users/grigo/Google Drive/Facultad/Balseiro/PI Lucas/git-repository/digital-beamforming/Tesis/images/06-Sistema/sistema_doaest.png> <d:/Users/grigo/Google Drive/Facultad/Balseiro/PI Lucas/git-repository/digital-beamforming/Tesis/images/06-Sistema/sistema_doaest_2.png>]
<images/06-Sistema/sistema_beamformer.png, id=1321, 678.70956pt x 341.53014pt>
File: images/06-Sistema/sistema_beamformer.png Graphic file (type png)
<use images/06-Sistema/sistema_beamformer.png>
Package pdftex.def Info: images/06-Sistema/sistema_beamformer.png  used on input line 122.
(pdftex.def)             Requested size: 220.50885pt x 110.95949pt.
<images/06-Sistema/sistema_beamformer_fpga.png, id=1323, 1597.19118pt x 868.69023pt>
File: images/06-Sistema/sistema_beamformer_fpga.png Graphic file (type png)
<use images/06-Sistema/sistema_beamformer_fpga.png>
Package pdftex.def Info: images/06-Sistema/sistema_beamformer_fpga.png  used on input line 133.
(pdftex.def)             Requested size: 396.91324pt x 215.87302pt.
)
LaTeX Info: Redefining \. on input line 111.
LaTeX Info: Redefining \% on input line 111.
 [62 <d:/Users/grigo/Google Drive/Facultad/Balseiro/PI Lucas/git-repository/digital-beamforming/Tesis/images/06-Sistema/sistema_beamformer.png> <d:/Users/grigo/Google Drive/Facultad/Balseiro/PI Lucas/git-repository/digital-beamforming/Tesis/images/06-Sistema/sistema_beamformer_fpga.png>]
LaTeX Info: Redefining \. on input line 111.
LaTeX Info: Redefining \% on input line 111.
 [63]
\openout2 = `Capitulos/GNURadio.aux'.

 ("d:/Users\grigo\Google Drive\Facultad\Balseiro\PI Lucas\git-repository\digital-beamforming\Tesis\Capitulos/GNURadio.tex" [64




]
Cap\'{\i }tulo 7.
<images/07-GNURadio/gr_sdr.png, id=1343, 1641.18161pt x 801.01265pt>
File: images/07-GNURadio/gr_sdr.png Graphic file (type png)
<use images/07-GNURadio/gr_sdr.png>
Package pdftex.def Info: images/07-GNURadio/gr_sdr.png  used on input line 12.
(pdftex.def)             Requested size: 396.91324pt x 193.71365pt.
[65]
<images/07-GNURadio/gr_espectro_fc.png, id=1353, 427.09395pt x 135.35518pt>
File: images/07-GNURadio/gr_espectro_fc.png Graphic file (type png)
<use images/07-GNURadio/gr_espectro_fc.png>
Package pdftex.def Info: images/07-GNURadio/gr_espectro_fc.png  used on input line 27.
(pdftex.def)             Requested size: 396.91324pt x 125.79845pt.
<images/07-GNURadio/gr_espectro_bb.png, id=1354, 156.14188pt x 130.76277pt>
File: images/07-GNURadio/gr_espectro_bb.png Graphic file (type png)
<use images/07-GNURadio/gr_espectro_bb.png>
Package pdftex.def Info: images/07-GNURadio/gr_espectro_bb.png  used on input line 34.
(pdftex.def)             Requested size: 176.40439pt x 147.73227pt.
LaTeX Info: Redefining \. on input line 47.
LaTeX Info: Redefining \% on input line 47.
 [66 <d:/Users/grigo/Google Drive/Facultad/Balseiro/PI Lucas/git-repository/digital-beamforming/Tesis/images/07-GNURadio/gr_sdr.png>]
Underfull \vbox (badness 10000) has occurred while \output is active []

LaTeX Info: Redefining \. on input line 64.
LaTeX Info: Redefining \% on input line 64.
 [67 <d:/Users/grigo/Google Drive/Facultad/Balseiro/PI Lucas/git-repository/digital-beamforming/Tesis/images/07-GNURadio/gr_espectro_fc.png> <d:/Users/grigo/Google Drive/Facultad/Balseiro/PI Lucas/git-repository/digital-beamforming/Tesis/images/07-GNURadio/gr_espectro_bb.png>]
<images/07-GNURadio/gr_rx.png, id=1377, 1424.1299pt x 678.46786pt>
File: images/07-GNURadio/gr_rx.png Graphic file (type png)
<use images/07-GNURadio/gr_rx.png>
Package pdftex.def Info: images/07-GNURadio/gr_rx.png  used on input line 69.
(pdftex.def)             Requested size: 396.91324pt x 189.08974pt.
<images/07-GNURadio/gr_datatypes.png, id=1382, 180.675pt x 204.765pt>
File: images/07-GNURadio/gr_datatypes.png Graphic file (type png)
<use images/07-GNURadio/gr_datatypes.png>
Package pdftex.def Info: images/07-GNURadio/gr_datatypes.png  used on input line 83.
(pdftex.def)             Requested size: 220.50885pt x 249.91289pt.
LaTeX Info: Redefining \. on input line 87.
LaTeX Info: Redefining \% on input line 87.
 [68 <d:/Users/grigo/Google Drive/Facultad/Balseiro/PI Lucas/git-repository/digital-beamforming/Tesis/images/07-GNURadio/gr_rx.png>]
<images/07-GNURadio/gr_blockconnection.png, id=1393, 324.46219pt x 222.8325pt>
File: images/07-GNURadio/gr_blockconnection.png Graphic file (type png)
<use images/07-GNURadio/gr_blockconnection.png>
Package pdftex.def Info: images/07-GNURadio/gr_blockconnection.png  used on input line 92.
(pdftex.def)             Requested size: 264.61331pt x 181.74118pt.
LaTeX Info: Redefining \. on input line 98.
LaTeX Info: Redefining \% on input line 98.
 [69 <d:/Users/grigo/Google Drive/Facultad/Balseiro/PI Lucas/git-repository/digital-beamforming/Tesis/images/07-GNURadio/gr_datatypes.png> <d:/Users/grigo/Google Drive/Facultad/Balseiro/PI Lucas/git-repository/digital-beamforming/Tesis/images/07-GNURadio/gr_blockconnection.png>]
<images/07-GNURadio/gr_phasedarray.png, id=1403, 693.45361pt x 269.26013pt>
File: images/07-GNURadio/gr_phasedarray.png Graphic file (type png)
<use images/07-GNURadio/gr_phasedarray.png>
Package pdftex.def Info: images/07-GNURadio/gr_phasedarray.png  used on input line 112.
(pdftex.def)             Requested size: 264.61331pt x 102.7472pt.
LaTeX Info: Redefining \. on input line 123.
LaTeX Info: Redefining \% on input line 123.
 [70 <d:/Users/grigo/Google Drive/Facultad/Balseiro/PI Lucas/git-repository/digital-beamforming/Tesis/images/07-GNURadio/gr_phasedarray.png>]
<images/07-GNURadio/gr_sim0_comp.png, id=1416, 1175.89313pt x 304.13625pt>
File: images/07-GNURadio/gr_sim0_comp.png Graphic file (type png)
<use images/07-GNURadio/gr_sim0_comp.png>
Package pdftex.def Info: images/07-GNURadio/gr_sim0_comp.png  used on input line 135.
(pdftex.def)             Requested size: 632.78175pt x 163.66495pt.
<images/07-GNURadio/gr_sim0_qt.png, id=1417, 479.54156pt x 415.5525pt>
File: images/07-GNURadio/gr_sim0_qt.png Graphic file (type png)
<use images/07-GNURadio/gr_sim0_qt.png>
Package pdftex.def Info: images/07-GNURadio/gr_sim0_qt.png  used on input line 142.
(pdftex.def)             Requested size: 281.23395pt x 243.70912pt.
<images/07-GNURadio/gr_bersim.png, id=1421, 1142.01656pt x 380.17032pt>
File: images/07-GNURadio/gr_bersim.png Graphic file (type png)
<use images/07-GNURadio/gr_bersim.png>
Package pdftex.def Info: images/07-GNURadio/gr_bersim.png  used on input line 156.
(pdftex.def)             Requested size: 632.78175pt x 210.64896pt.
<images/07-GNURadio/gr_bersim_resul.png, id=1424, 618.3903pt x 344.9688pt>
File: images/07-GNURadio/gr_bersim_resul.png Graphic file (type png)
<use images/07-GNURadio/gr_bersim_resul.png>
Package pdftex.def Info: images/07-GNURadio/gr_bersim_resul.png  used on input line 167.
(pdftex.def)             Requested size: 632.78175pt x 353.00049pt.
LaTeX Info: Redefining \. on input line 177.
LaTeX Info: Redefining \% on input line 177.
 [71])
LaTeX Info: Redefining \. on input line 112.
LaTeX Info: Redefining \% on input line 112.
 [72]
LaTeX Info: Redefining \. on input line 112.
LaTeX Info: Redefining \% on input line 112.
 [73 <d:/Users/grigo/Google Drive/Facultad/Balseiro/PI Lucas/git-repository/digital-beamforming/Tesis/images/07-GNURadio/gr_sim0_comp.png> <d:/Users/grigo/Google Drive/Facultad/Balseiro/PI Lucas/git-repository/digital-beamforming/Tesis/images/07-GNURadio/gr_sim0_qt.png>]
LaTeX Info: Redefining \. on input line 112.
LaTeX Info: Redefining \% on input line 112.
 [74 <d:/Users/grigo/Google Drive/Facultad/Balseiro/PI Lucas/git-repository/digital-beamforming/Tesis/images/07-GNURadio/gr_bersim.png>]
LaTeX Info: Redefining \. on input line 112.
LaTeX Info: Redefining \% on input line 112.
 [75 <d:/Users/grigo/Google Drive/Facultad/Balseiro/PI Lucas/git-repository/digital-beamforming/Tesis/images/07-GNURadio/gr_bersim_resul.png>]
\openout2 = `Capitulos/Futuro.aux'.

 ("d:/Users\grigo\Google Drive\Facultad\Balseiro\PI Lucas\git-repository\digital-beamforming\Tesis\Capitulos/Futuro.tex" [76




]
Cap\'{\i }tulo 8.
<images/08-Futuro/futuro_interfaz.png, id=1463, 1661.96829pt x 1172.51428pt>
File: images/08-Futuro/futuro_interfaz.png Graphic file (type png)
<use images/08-Futuro/futuro_interfaz.png>
Package pdftex.def Info: images/08-Futuro/futuro_interfaz.png  used on input line 11.
(pdftex.def)             Requested size: 396.91324pt x 280.01367pt.

Underfull \vbox (badness 1596) has occurred while \output is active []

 [77])
LaTeX Info: Redefining \. on input line 114.
LaTeX Info: Redefining \% on input line 114.
 [78 <d:/Users/grigo/Google Drive/Facultad/Balseiro/PI Lucas/git-repository/digital-beamforming/Tesis/images/08-Futuro/futuro_interfaz.png>]
\openout2 = `Capitulos/Conclusiones.aux'.

 ("d:/Users\grigo\Google Drive\Facultad\Balseiro\PI Lucas\git-repository\digital-beamforming\Tesis\Capitulos/Conclusiones.tex"
Cap\'{\i }tulo 9.
[79




])
LaTeX Info: Redefining \. on input line 115.
LaTeX Info: Redefining \% on input line 115.
 [80]
\openout2 = `Capitulos/Ap_XX.aux'.

 ("d:/Users\grigo\Google Drive\Facultad\Balseiro\PI Lucas\git-repository\digital-beamforming\Tesis\Capitulos/Ap_XX.tex"
Ap\'{e}ndice A.
) [81




] [82



] ("d:/Users\grigo\Google Drive\Facultad\Balseiro\PI Lucas\git-repository\digital-beamforming\Tesis\PI_Grigolato.bbl" ("d:/Users\grigo\Google Drive\Facultad\Balseiro\PI Lucas\git-repository\digital-beamforming\Tesis\PI_Grigolato.brf")
\tf@brf=\write7
\openout7 = `PI_Grigolato.brf'.

 [83

]
LaTeX Info: Redefining \. on input line 224.
LaTeX Info: Redefining \% on input line 224.
 [84])
LaTeX Info: Redefining \. on input line 123.
LaTeX Info: Redefining \% on input line 123.
 [85] [86

] [87



] [88] ("d:/Users\grigo\Google Drive\Facultad\Balseiro\PI Lucas\git-repository\digital-beamforming\Tesis\PI_Grigolato.aux"
LaTeX Info: Redefining \. on input line 26.
LaTeX Info: Redefining \% on input line 26.
 ("d:/Users\grigo\Google Drive\Facultad\Balseiro\PI Lucas\git-repository\digital-beamforming\Tesis\Capitulos/Abstract.aux"
LaTeX Info: Redefining \. on input line 6.
LaTeX Info: Redefining \% on input line 6.
) ("d:/Users\grigo\Google Drive\Facultad\Balseiro\PI Lucas\git-repository\digital-beamforming\Tesis\Capitulos/Introduccion.aux"
LaTeX Info: Redefining \. on input line 7.
LaTeX Info: Redefining \% on input line 7.
) ("d:/Users\grigo\Google Drive\Facultad\Balseiro\PI Lucas\git-repository\digital-beamforming\Tesis\Capitulos/ConformacionDeHaz.aux") ("d:/Users\grigo\Google Drive\Facultad\Balseiro\PI Lucas\git-repository\digital-beamforming\Tesis\Capitulos/Algoritmos_DOA.aux") ("d:/Users\grigo\Google Drive\Facultad\Balseiro\PI Lucas\git-repository\digital-beamforming\Tesis\Capitulos/MuestreoAleatorio.aux") ("d:/Users\grigo\Google Drive\Facultad\Balseiro\PI Lucas\git-repository\digital-beamforming\Tesis\Capitulos/MachineLearning.aux") ("d:/Users\grigo\Google Drive\Facultad\Balseiro\PI Lucas\git-repository\digital-beamforming\Tesis\Capitulos/Sistema.aux") ("d:/Users\grigo\Google Drive\Facultad\Balseiro\PI Lucas\git-repository\digital-beamforming\Tesis\Capitulos/GNURadio.aux") ("d:/Users\grigo\Google Drive\Facultad\Balseiro\PI Lucas\git-repository\digital-beamforming\Tesis\Capitulos/Futuro.aux") ("d:/Users\grigo\Google Drive\Facultad\Balseiro\PI Lucas\git-repository\digital-beamforming\Tesis\Capitulos/Conclusiones.aux") ("d:/Users\grigo\Google Drive\Facultad\Balseiro\PI Lucas\git-repository\digital-beamforming\Tesis\Capitulos/Ap_XX.aux"))
Package rerunfilecheck Info: File `PI_Grigolato.out' has not changed.
(rerunfilecheck)             Checksum: 0B5FD775024C47E0C91372FD6291EF3E;4803.
Package rerunfilecheck Info: File `PI_Grigolato.brf' has not changed.
(rerunfilecheck)             Checksum: 1724120895337A066D17283664C9392A;3222.
 ) 
Here is how much of TeX's memory you used:
 13700 strings out of 479663
 223632 string characters out of 2873806
 566021 words of memory out of 3000000
 29970 multiletter control sequences out of 15000+200000
 421956 words of font info for 95 fonts, out of 3000000 for 9000
 1141 hyphenation exceptions out of 8191
 105i,25n,111p,2217b,914s stack positions out of 5000i,500n,10000p,200000b,50000s
pdfTeX warning (dest): name{page.\\protect\040ix} has been referenced but does not exist, replaced by a fixed one

 <C:\Users\grigo\AppData\Local\MiKTeX\2.9\fonts/pk/ljfour/jknappen/ec/dpi600\tcbx1200.pk> <C:\Users\grigo\AppData\Local\MiKTeX\2.9\fonts/pk/ljfour/jknappen/ec/dpi600\tcrm0700.pk> <C:\Users\grigo\AppData\Local\MiKTeX\2.9\fonts/pk/ljfour/jknappen/ec/dpi600\tcrm1000.pk><C:/Program Files/MiKTeX 2.9/fonts/type1/public/amsfonts/cm/cmbx10.pfb><C:/Program Files/MiKTeX 2.9/fonts/type1/public/amsfonts/cm/cmbx12.pfb><C:/Program Files/MiKTeX 2.9/fonts/type1/public/amsfonts/cm/cmbx5.pfb><C:/Program Files/MiKTeX 2.9/fonts/type1/public/amsfonts/cm/cmbx6.pfb><C:/Program Files/MiKTeX 2.9/fonts/type1/public/amsfonts/cm/cmbx7.pfb><C:/Program Files/MiKTeX 2.9/fonts/type1/public/amsfonts/cm/cmbx8.pfb><C:/Program Files/MiKTeX 2.9/fonts/type1/public/amsfonts/cm/cmbx9.pfb><C:/Program Files/MiKTeX 2.9/fonts/type1/public/amsfonts/cm/cmex10.pfb><C:/Program Files/MiKTeX 2.9/fonts/type1/public/amsfonts/cm/cmmi10.pfb><C:/Program Files/MiKTeX 2.9/fonts/type1/public/amsfonts/cm/cmmi12.pfb><C:/Program Files/MiKTeX 2.9/fonts/type1/public/amsfonts/cm/cmmi5.pfb><C:/Program Files/MiKTeX 2.9/fonts/type1/public/amsfonts/cm/cmmi6.pfb><C:/Program Files/MiKTeX 2.9/fonts/type1/public/amsfonts/cm/cmmi7.pfb><C:/Program Files/MiKTeX 2.9/fonts/type1/public/amsfonts/cm/cmmi8.pfb><C:/Program Files/MiKTeX 2.9/fonts/type1/public/amsfonts/cm/cmr10.pfb><C:/Program Files/MiKTeX 2.9/fonts/type1/public/amsfonts/cm/cmr12.pfb><C:/Program Files/MiKTeX 2.9/fonts/type1/public/amsfonts/cm/cmr5.pfb><C:/Program Files/MiKTeX 2.9/fonts/type1/public/amsfonts/cm/cmr6.pfb><C:/Program Files/MiKTeX 2.9/fonts/type1/public/amsfonts/cm/cmr7.pfb><C:/Program Files/MiKTeX 2.9/fonts/type1/public/amsfonts/cm/cmr8.pfb><C:/Program Files/MiKTeX 2.9/fonts/type1/public/amsfonts/cm/cmss10.pfb><C:/Program Files/MiKTeX 2.9/fonts/type1/public/amsfonts/cm/cmssbx10.pfb><C:/Program Files/MiKTeX 2.9/fonts/type1/public/amsfonts/cm/cmsy10.pfb><C:/Program Files/MiKTeX 2.9/fonts/type1/public/amsfonts/cm/cmsy5.pfb><C:/Program Files/MiKTeX 2.9/fonts/type1/public/amsfonts/cm/cmsy6.pfb><C:/Program Files/MiKTeX 2.9/fonts/type1/public/amsfonts/cm/cmsy7.pfb><C:/Program Files/MiKTeX 2.9/fonts/type1/public/amsfonts/cm/cmti10.pfb><C:/Program Files/MiKTeX 2.9/fonts/type1/public/amsfonts/cm/cmti8.pfb><C:/Program Files/MiKTeX 2.9/fonts/type1/public/amsfonts/cm/cmtt10.pfb><C:/Program Files/MiKTeX 2.9/fonts/type1/public/amsfonts/euler/eufm10.pfb><C:/Program Files/MiKTeX 2.9/fonts/type1/public/amsfonts/latxfont/line10.pfb><C:/Program Files/MiKTeX 2.9/fonts/type1/public/amsfonts/symbols/msam10.pfb><C:/Program Files/MiKTeX 2.9/fonts/type1/public/amsfonts/symbols/msbm10.pfb><C:/Program Files/MiKTeX 2.9/fonts/type1/public/amsfonts/symbols/msbm7.pfb>
Output written on "d:/Users\grigo\Google Drive\Facultad\Balseiro\PI Lucas\git-repository\digital-beamforming\Tesis\PI_Grigolato.pdf" (106 pages, 8620928 bytes).
PDF statistics:
 1813 PDF objects out of 2073 (max. 8388607)
 405 named destinations out of 1000 (max. 500000)
 883 words of extra memory for PDF output out of 10000 (max. 10000000)

